[0.254s] DEBUG:colcon:Command line arguments: ['/usr/bin/colcon', 'build', '--symlink-install']
[0.254s] DEBUG:colcon:Parsed command line arguments: Namespace(allow_overriding=[], ament_cmake_args=None, base_paths=['.'], build_base='build', catkin_cmake_args=None, catkin_skip_building_tests=False, cmake_args=None, cmake_clean_cache=False, cmake_clean_first=False, cmake_force_configure=False, cmake_target=None, cmake_target_skip_unavailable=False, continue_on_error=False, event_handlers=None, executor='parallel', ignore_user_meta=False, install_base='install', log_base=None, log_level=None, main=<bound method BuildVerb.main of <colcon_core.verb.build.BuildVerb object at 0x7fde83ce9400>>, merge_install=False, metas=['./colcon.meta'], mixin=None, mixin_files=None, mixin_verb=('build',), packages_above=None, packages_above_and_dependencies=None, packages_above_depth=None, packages_end=None, packages_ignore=None, packages_ignore_regex=None, packages_select=None, packages_select_build_failed=False, packages_select_by_dep=None, packages_select_regex=None, packages_select_test_failures=False, packages_skip=None, packages_skip_build_finished=False, packages_skip_by_dep=None, packages_skip_regex=None, packages_skip_test_passed=False, packages_skip_up_to=None, packages_start=None, packages_up_to=None, packages_up_to_regex=None, parallel_workers=6, paths=None, symlink_install=True, test_result_base=None, verb_extension=<colcon_core.verb.build.BuildVerb object at 0x7fde83ce9400>, verb_name='build', verb_parser=<colcon_mixin.mixin.mixin_argument.MixinArgumentDecorator object at 0x7fde83ce9970>)
[0.420s] Level 1:colcon.colcon_core.package_discovery:discover_packages(colcon_meta) check parameters
[0.420s] Level 1:colcon.colcon_core.package_discovery:discover_packages(recursive) check parameters
[0.420s] Level 1:colcon.colcon_core.package_discovery:discover_packages(ignore) check parameters
[0.420s] Level 1:colcon.colcon_core.package_discovery:discover_packages(path) check parameters
[0.420s] Level 1:colcon.colcon_core.package_discovery:discover_packages(colcon_meta) discover
[0.420s] Level 1:colcon.colcon_core.package_discovery:discover_packages(recursive) discover
[0.420s] INFO:colcon.colcon_core.package_discovery:Crawling recursively for packages in '/home/zega/Desktop/ros_dev/src'
[0.421s] Level 1:colcon.colcon_core.package_identification:_identify(.) by extensions ['ignore', 'ignore_ament_install']
[0.421s] Level 1:colcon.colcon_core.package_identification:_identify(.) by extension 'ignore'
[0.421s] Level 1:colcon.colcon_core.package_identification:_identify(.) by extension 'ignore_ament_install'
[0.421s] Level 1:colcon.colcon_core.package_identification:_identify(.) by extensions ['colcon_pkg']
[0.421s] Level 1:colcon.colcon_core.package_identification:_identify(.) by extension 'colcon_pkg'
[0.421s] Level 1:colcon.colcon_core.package_identification:_identify(.) by extensions ['colcon_meta']
[0.421s] Level 1:colcon.colcon_core.package_identification:_identify(.) by extension 'colcon_meta'
[0.421s] Level 1:colcon.colcon_core.package_identification:_identify(.) by extensions ['ros']
[0.421s] Level 1:colcon.colcon_core.package_identification:_identify(.) by extension 'ros'
[0.433s] Level 1:colcon.colcon_core.package_identification:_identify(.) by extensions ['cmake', 'python']
[0.433s] Level 1:colcon.colcon_core.package_identification:_identify(.) by extension 'cmake'
[0.433s] Level 1:colcon.colcon_core.package_identification:_identify(.) by extension 'python'
[0.433s] Level 1:colcon.colcon_core.package_identification:_identify(.) by extensions ['python_setup_py']
[0.433s] Level 1:colcon.colcon_core.package_identification:_identify(.) by extension 'python_setup_py'
[0.433s] Level 1:colcon.colcon_core.package_identification:_identify(build) by extensions ['ignore', 'ignore_ament_install']
[0.433s] Level 1:colcon.colcon_core.package_identification:_identify(build) by extension 'ignore'
[0.433s] Level 1:colcon.colcon_core.package_identification:_identify(build) ignored
[0.433s] Level 1:colcon.colcon_core.package_identification:_identify(install) by extensions ['ignore', 'ignore_ament_install']
[0.434s] Level 1:colcon.colcon_core.package_identification:_identify(install) by extension 'ignore'
[0.434s] Level 1:colcon.colcon_core.package_identification:_identify(install) ignored
[0.434s] Level 1:colcon.colcon_core.package_identification:_identify(kinect_ros2) by extensions ['ignore', 'ignore_ament_install']
[0.434s] Level 1:colcon.colcon_core.package_identification:_identify(kinect_ros2) by extension 'ignore'
[0.434s] Level 1:colcon.colcon_core.package_identification:_identify(kinect_ros2) by extension 'ignore_ament_install'
[0.434s] Level 1:colcon.colcon_core.package_identification:_identify(kinect_ros2) by extensions ['colcon_pkg']
[0.434s] Level 1:colcon.colcon_core.package_identification:_identify(kinect_ros2) by extension 'colcon_pkg'
[0.434s] Level 1:colcon.colcon_core.package_identification:_identify(kinect_ros2) by extensions ['colcon_meta']
[0.434s] Level 1:colcon.colcon_core.package_identification:_identify(kinect_ros2) by extension 'colcon_meta'
[0.434s] Level 1:colcon.colcon_core.package_identification:_identify(kinect_ros2) by extensions ['ros']
[0.434s] Level 1:colcon.colcon_core.package_identification:_identify(kinect_ros2) by extension 'ros'
[0.437s] DEBUG:colcon.colcon_core.package_identification:Package 'kinect_ros2' with type 'ros.ament_cmake' and name 'kinect_ros2'
[0.437s] Level 1:colcon.colcon_core.package_identification:_identify(l3xz_sweep_scanner) by extensions ['ignore', 'ignore_ament_install']
[0.437s] Level 1:colcon.colcon_core.package_identification:_identify(l3xz_sweep_scanner) by extension 'ignore'
[0.438s] Level 1:colcon.colcon_core.package_identification:_identify(l3xz_sweep_scanner) by extension 'ignore_ament_install'
[0.438s] Level 1:colcon.colcon_core.package_identification:_identify(l3xz_sweep_scanner) by extensions ['colcon_pkg']
[0.438s] Level 1:colcon.colcon_core.package_identification:_identify(l3xz_sweep_scanner) by extension 'colcon_pkg'
[0.438s] Level 1:colcon.colcon_core.package_identification:_identify(l3xz_sweep_scanner) by extensions ['colcon_meta']
[0.438s] Level 1:colcon.colcon_core.package_identification:_identify(l3xz_sweep_scanner) by extension 'colcon_meta'
[0.438s] Level 1:colcon.colcon_core.package_identification:_identify(l3xz_sweep_scanner) by extensions ['ros']
[0.438s] Level 1:colcon.colcon_core.package_identification:_identify(l3xz_sweep_scanner) by extension 'ros'
[0.438s] DEBUG:colcon.colcon_core.package_identification:Package 'l3xz_sweep_scanner' with type 'ros.ament_cmake' and name 'l3xz_sweep_scanner'
[0.439s] Level 1:colcon.colcon_core.package_identification:_identify(log) by extensions ['ignore', 'ignore_ament_install']
[0.439s] Level 1:colcon.colcon_core.package_identification:_identify(log) by extension 'ignore'
[0.439s] Level 1:colcon.colcon_core.package_identification:_identify(log) ignored
[0.439s] Level 1:colcon.colcon_core.package_identification:_identify(my_gazebo) by extensions ['ignore', 'ignore_ament_install']
[0.439s] Level 1:colcon.colcon_core.package_identification:_identify(my_gazebo) by extension 'ignore'
[0.439s] Level 1:colcon.colcon_core.package_identification:_identify(my_gazebo) by extension 'ignore_ament_install'
[0.439s] Level 1:colcon.colcon_core.package_identification:_identify(my_gazebo) by extensions ['colcon_pkg']
[0.439s] Level 1:colcon.colcon_core.package_identification:_identify(my_gazebo) by extension 'colcon_pkg'
[0.439s] Level 1:colcon.colcon_core.package_identification:_identify(my_gazebo) by extensions ['colcon_meta']
[0.439s] Level 1:colcon.colcon_core.package_identification:_identify(my_gazebo) by extension 'colcon_meta'
[0.439s] Level 1:colcon.colcon_core.package_identification:_identify(my_gazebo) by extensions ['ros']
[0.439s] Level 1:colcon.colcon_core.package_identification:_identify(my_gazebo) by extension 'ros'
[0.440s] DEBUG:colcon.colcon_core.package_identification:Package 'my_gazebo' with type 'ros.ament_cmake' and name 'my_gazebo'
[0.440s] Level 1:colcon.colcon_core.package_discovery:discover_packages(recursive) using defaults
[0.440s] Level 1:colcon.colcon_core.package_discovery:discover_packages(ignore) discover
[0.440s] Level 1:colcon.colcon_core.package_discovery:discover_packages(ignore) using defaults
[0.440s] Level 1:colcon.colcon_core.package_discovery:discover_packages(path) discover
[0.440s] Level 1:colcon.colcon_core.package_discovery:discover_packages(path) using defaults
[0.455s] Level 1:colcon.colcon_core.package_discovery:discover_packages(prefix_path) check parameters
[0.455s] Level 1:colcon.colcon_core.package_discovery:discover_packages(prefix_path) discover
[0.457s] DEBUG:colcon.colcon_installed_package_information.package_discovery:Found 5 installed packages in /home/zega/Desktop/ros_dev/install
[0.459s] DEBUG:colcon.colcon_installed_package_information.package_discovery:Found 314 installed packages in /opt/ros/foxy
[0.461s] Level 1:colcon.colcon_core.package_discovery:discover_packages(prefix_path) using defaults
[0.551s] Level 5:colcon.colcon_core.verb:set package 'kinect_ros2' build argument 'cmake_args' from command line to 'None'
[0.551s] Level 5:colcon.colcon_core.verb:set package 'kinect_ros2' build argument 'cmake_target' from command line to 'None'
[0.551s] Level 5:colcon.colcon_core.verb:set package 'kinect_ros2' build argument 'cmake_target_skip_unavailable' from command line to 'False'
[0.551s] Level 5:colcon.colcon_core.verb:set package 'kinect_ros2' build argument 'cmake_clean_cache' from command line to 'False'
[0.551s] Level 5:colcon.colcon_core.verb:set package 'kinect_ros2' build argument 'cmake_clean_first' from command line to 'False'
[0.551s] Level 5:colcon.colcon_core.verb:set package 'kinect_ros2' build argument 'cmake_force_configure' from command line to 'False'
[0.551s] Level 5:colcon.colcon_core.verb:set package 'kinect_ros2' build argument 'ament_cmake_args' from command line to 'None'
[0.551s] Level 5:colcon.colcon_core.verb:set package 'kinect_ros2' build argument 'catkin_cmake_args' from command line to 'None'
[0.551s] Level 5:colcon.colcon_core.verb:set package 'kinect_ros2' build argument 'catkin_skip_building_tests' from command line to 'False'
[0.551s] DEBUG:colcon.colcon_core.verb:Building package 'kinect_ros2' with the following arguments: {'ament_cmake_args': None, 'build_base': '/home/zega/Desktop/ros_dev/src/build/kinect_ros2', 'catkin_cmake_args': None, 'catkin_skip_building_tests': False, 'cmake_args': None, 'cmake_clean_cache': False, 'cmake_clean_first': False, 'cmake_force_configure': False, 'cmake_target': None, 'cmake_target_skip_unavailable': False, 'install_base': '/home/zega/Desktop/ros_dev/src/install/kinect_ros2', 'merge_install': False, 'path': '/home/zega/Desktop/ros_dev/src/kinect_ros2', 'symlink_install': True, 'test_result_base': None}
[0.551s] Level 5:colcon.colcon_core.verb:set package 'l3xz_sweep_scanner' build argument 'cmake_args' from command line to 'None'
[0.551s] Level 5:colcon.colcon_core.verb:set package 'l3xz_sweep_scanner' build argument 'cmake_target' from command line to 'None'
[0.552s] Level 5:colcon.colcon_core.verb:set package 'l3xz_sweep_scanner' build argument 'cmake_target_skip_unavailable' from command line to 'False'
[0.552s] Level 5:colcon.colcon_core.verb:set package 'l3xz_sweep_scanner' build argument 'cmake_clean_cache' from command line to 'False'
[0.552s] Level 5:colcon.colcon_core.verb:set package 'l3xz_sweep_scanner' build argument 'cmake_clean_first' from command line to 'False'
[0.552s] Level 5:colcon.colcon_core.verb:set package 'l3xz_sweep_scanner' build argument 'cmake_force_configure' from command line to 'False'
[0.552s] Level 5:colcon.colcon_core.verb:set package 'l3xz_sweep_scanner' build argument 'ament_cmake_args' from command line to 'None'
[0.552s] Level 5:colcon.colcon_core.verb:set package 'l3xz_sweep_scanner' build argument 'catkin_cmake_args' from command line to 'None'
[0.552s] Level 5:colcon.colcon_core.verb:set package 'l3xz_sweep_scanner' build argument 'catkin_skip_building_tests' from command line to 'False'
[0.552s] DEBUG:colcon.colcon_core.verb:Building package 'l3xz_sweep_scanner' with the following arguments: {'ament_cmake_args': None, 'build_base': '/home/zega/Desktop/ros_dev/src/build/l3xz_sweep_scanner', 'catkin_cmake_args': None, 'catkin_skip_building_tests': False, 'cmake_args': None, 'cmake_clean_cache': False, 'cmake_clean_first': False, 'cmake_force_configure': False, 'cmake_target': None, 'cmake_target_skip_unavailable': False, 'install_base': '/home/zega/Desktop/ros_dev/src/install/l3xz_sweep_scanner', 'merge_install': False, 'path': '/home/zega/Desktop/ros_dev/src/l3xz_sweep_scanner', 'symlink_install': True, 'test_result_base': None}
[0.552s] Level 5:colcon.colcon_core.verb:set package 'my_gazebo' build argument 'cmake_args' from command line to 'None'
[0.552s] Level 5:colcon.colcon_core.verb:set package 'my_gazebo' build argument 'cmake_target' from command line to 'None'
[0.552s] Level 5:colcon.colcon_core.verb:set package 'my_gazebo' build argument 'cmake_target_skip_unavailable' from command line to 'False'
[0.552s] Level 5:colcon.colcon_core.verb:set package 'my_gazebo' build argument 'cmake_clean_cache' from command line to 'False'
[0.552s] Level 5:colcon.colcon_core.verb:set package 'my_gazebo' build argument 'cmake_clean_first' from command line to 'False'
[0.552s] Level 5:colcon.colcon_core.verb:set package 'my_gazebo' build argument 'cmake_force_configure' from command line to 'False'
[0.552s] Level 5:colcon.colcon_core.verb:set package 'my_gazebo' build argument 'ament_cmake_args' from command line to 'None'
[0.552s] Level 5:colcon.colcon_core.verb:set package 'my_gazebo' build argument 'catkin_cmake_args' from command line to 'None'
[0.552s] Level 5:colcon.colcon_core.verb:set package 'my_gazebo' build argument 'catkin_skip_building_tests' from command line to 'False'
[0.552s] DEBUG:colcon.colcon_core.verb:Building package 'my_gazebo' with the following arguments: {'ament_cmake_args': None, 'build_base': '/home/zega/Desktop/ros_dev/src/build/my_gazebo', 'catkin_cmake_args': None, 'catkin_skip_building_tests': False, 'cmake_args': None, 'cmake_clean_cache': False, 'cmake_clean_first': False, 'cmake_force_configure': False, 'cmake_target': None, 'cmake_target_skip_unavailable': False, 'install_base': '/home/zega/Desktop/ros_dev/src/install/my_gazebo', 'merge_install': False, 'path': '/home/zega/Desktop/ros_dev/src/my_gazebo', 'symlink_install': True, 'test_result_base': None}
[0.553s] INFO:colcon.colcon_core.executor:Executing jobs using 'parallel' executor
[0.554s] DEBUG:colcon.colcon_parallel_executor.executor.parallel:run_until_complete
[0.554s] INFO:colcon.colcon_ros.task.ament_cmake.build:Building ROS package in '/home/zega/Desktop/ros_dev/src/kinect_ros2' with build type 'ament_cmake'
[0.554s] INFO:colcon.colcon_cmake.task.cmake.build:Building CMake package in '/home/zega/Desktop/ros_dev/src/kinect_ros2'
[0.556s] INFO:colcon.colcon_core.plugin_system:Skipping extension 'colcon_core.shell.bat': Not used on non-Windows systems
[0.556s] INFO:colcon.colcon_core.shell:Skip shell extension 'powershell' for command environment: Not usable outside of PowerShell
[0.556s] DEBUG:colcon.colcon_core.shell:Skip shell extension 'dsv' for command environment
[0.562s] INFO:colcon.colcon_ros.task.ament_cmake.build:Building ROS package in '/home/zega/Desktop/ros_dev/src/l3xz_sweep_scanner' with build type 'ament_cmake'
[0.562s] INFO:colcon.colcon_cmake.task.cmake.build:Building CMake package in '/home/zega/Desktop/ros_dev/src/l3xz_sweep_scanner'
[0.563s] INFO:colcon.colcon_core.shell:Skip shell extension 'powershell' for command environment: Not usable outside of PowerShell
[0.563s] DEBUG:colcon.colcon_core.shell:Skip shell extension 'dsv' for command environment
[0.568s] INFO:colcon.colcon_ros.task.ament_cmake.build:Building ROS package in '/home/zega/Desktop/ros_dev/src/my_gazebo' with build type 'ament_cmake'
[0.568s] INFO:colcon.colcon_cmake.task.cmake.build:Building CMake package in '/home/zega/Desktop/ros_dev/src/my_gazebo'
[0.569s] INFO:colcon.colcon_core.shell:Skip shell extension 'powershell' for command environment: Not usable outside of PowerShell
[0.569s] DEBUG:colcon.colcon_core.shell:Skip shell extension 'dsv' for command environment
[0.583s] DEBUG:colcon.colcon_core.event_handler.log_command:Invoking command in '/home/zega/Desktop/ros_dev/src/build/kinect_ros2': CMAKE_PREFIX_PATH=${CMAKE_PREFIX_PATH}:/opt/ros/foxy /usr/bin/cmake --build /home/zega/Desktop/ros_dev/src/build/kinect_ros2 -- -j6 -l6
[0.589s] DEBUG:colcon.colcon_core.event_handler.log_command:Invoking command in '/home/zega/Desktop/ros_dev/src/build/l3xz_sweep_scanner': CMAKE_PREFIX_PATH=${CMAKE_PREFIX_PATH}:/opt/ros/foxy /usr/bin/cmake --build /home/zega/Desktop/ros_dev/src/build/l3xz_sweep_scanner -- -j6 -l6
[0.596s] DEBUG:colcon.colcon_core.event_handler.log_command:Invoking command in '/home/zega/Desktop/ros_dev/src/build/my_gazebo': CMAKE_PREFIX_PATH=${CMAKE_PREFIX_PATH}:/opt/ros/foxy /usr/bin/cmake --build /home/zega/Desktop/ros_dev/src/build/my_gazebo -- -j6 -l6
[0.629s] DEBUG:colcon.colcon_core.event_handler.log_command:Invoked command in '/home/zega/Desktop/ros_dev/src/build/my_gazebo' returned '0': CMAKE_PREFIX_PATH=${CMAKE_PREFIX_PATH}:/opt/ros/foxy /usr/bin/cmake --build /home/zega/Desktop/ros_dev/src/build/my_gazebo -- -j6 -l6
[0.659s] DEBUG:colcon.colcon_core.event_handler.log_command:Invoking command in '/home/zega/Desktop/ros_dev/src/build/my_gazebo': CMAKE_PREFIX_PATH=${CMAKE_PREFIX_PATH}:/opt/ros/foxy /usr/bin/cmake --install /home/zega/Desktop/ros_dev/src/build/my_gazebo
[0.682s] DEBUG:colcon.colcon_core.event_handler.log_command:Invoked command in '/home/zega/Desktop/ros_dev/src/build/l3xz_sweep_scanner' returned '0': CMAKE_PREFIX_PATH=${CMAKE_PREFIX_PATH}:/opt/ros/foxy /usr/bin/cmake --build /home/zega/Desktop/ros_dev/src/build/l3xz_sweep_scanner -- -j6 -l6
[0.689s] Level 1:colcon.colcon_core.environment:create_environment_scripts_only(my_gazebo)
[0.689s] DEBUG:colcon.colcon_core.event_handler.log_command:Invoked command in '/home/zega/Desktop/ros_dev/src/build/my_gazebo' returned '0': CMAKE_PREFIX_PATH=${CMAKE_PREFIX_PATH}:/opt/ros/foxy /usr/bin/cmake --install /home/zega/Desktop/ros_dev/src/build/my_gazebo
[0.692s] Level 1:colcon.colcon_core.environment:checking '/home/zega/Desktop/ros_dev/src/install/my_gazebo' for CMake module files
[0.692s] Level 1:colcon.colcon_core.environment:checking '/home/zega/Desktop/ros_dev/src/install/my_gazebo' for CMake config files
[0.693s] Level 1:colcon.colcon_core.shell:create_environment_hook('my_gazebo', 'cmake_prefix_path')
[0.693s] INFO:colcon.colcon_core.shell:Creating environment hook '/home/zega/Desktop/ros_dev/src/install/my_gazebo/share/my_gazebo/hook/cmake_prefix_path.ps1'
[0.694s] INFO:colcon.colcon_core.shell:Creating environment descriptor '/home/zega/Desktop/ros_dev/src/install/my_gazebo/share/my_gazebo/hook/cmake_prefix_path.dsv'
[0.694s] INFO:colcon.colcon_core.shell:Creating environment hook '/home/zega/Desktop/ros_dev/src/install/my_gazebo/share/my_gazebo/hook/cmake_prefix_path.sh'
[0.695s] Level 1:colcon.colcon_core.environment:checking '/home/zega/Desktop/ros_dev/src/install/my_gazebo/bin'
[0.695s] Level 1:colcon.colcon_core.environment:checking '/home/zega/Desktop/ros_dev/src/install/my_gazebo/lib/pkgconfig/my_gazebo.pc'
[0.695s] Level 1:colcon.colcon_core.environment:checking '/home/zega/Desktop/ros_dev/src/install/my_gazebo/lib/python3.8/site-packages'
[0.696s] Level 1:colcon.colcon_core.environment:checking '/home/zega/Desktop/ros_dev/src/install/my_gazebo/bin'
[0.696s] INFO:colcon.colcon_core.shell:Creating package script '/home/zega/Desktop/ros_dev/src/install/my_gazebo/share/my_gazebo/package.ps1'
[0.697s] INFO:colcon.colcon_core.shell:Creating package descriptor '/home/zega/Desktop/ros_dev/src/install/my_gazebo/share/my_gazebo/package.dsv'
[0.697s] INFO:colcon.colcon_core.shell:Creating package script '/home/zega/Desktop/ros_dev/src/install/my_gazebo/share/my_gazebo/package.sh'
[0.698s] INFO:colcon.colcon_core.shell:Creating package script '/home/zega/Desktop/ros_dev/src/install/my_gazebo/share/my_gazebo/package.bash'
[0.699s] INFO:colcon.colcon_core.shell:Creating package script '/home/zega/Desktop/ros_dev/src/install/my_gazebo/share/my_gazebo/package.zsh'
[0.700s] Level 1:colcon.colcon_core.environment:create_file_with_runtime_dependencies(/home/zega/Desktop/ros_dev/src/install/my_gazebo/share/colcon-core/packages/my_gazebo)
[0.703s] DEBUG:colcon.colcon_core.event_handler.log_command:Invoked command in '/home/zega/Desktop/ros_dev/src/build/kinect_ros2' returned '0': CMAKE_PREFIX_PATH=${CMAKE_PREFIX_PATH}:/opt/ros/foxy /usr/bin/cmake --build /home/zega/Desktop/ros_dev/src/build/kinect_ros2 -- -j6 -l6
[0.710s] DEBUG:colcon.colcon_core.event_handler.log_command:Invoking command in '/home/zega/Desktop/ros_dev/src/build/l3xz_sweep_scanner': CMAKE_PREFIX_PATH=${CMAKE_PREFIX_PATH}:/opt/ros/foxy /usr/bin/cmake --install /home/zega/Desktop/ros_dev/src/build/l3xz_sweep_scanner
[0.728s] Level 1:colcon.colcon_core.environment:create_environment_scripts_only(my_gazebo)
[0.728s] Level 1:colcon.colcon_core.environment:checking '/home/zega/Desktop/ros_dev/src/install/my_gazebo' for CMake module files
[0.730s] Level 1:colcon.colcon_core.environment:checking '/home/zega/Desktop/ros_dev/src/install/my_gazebo' for CMake config files
[0.730s] Level 1:colcon.colcon_core.shell:create_environment_hook('my_gazebo', 'cmake_prefix_path')
[0.730s] INFO:colcon.colcon_core.shell:Creating environment hook '/home/zega/Desktop/ros_dev/src/install/my_gazebo/share/my_gazebo/hook/cmake_prefix_path.ps1'
[0.731s] INFO:colcon.colcon_core.shell:Creating environment descriptor '/home/zega/Desktop/ros_dev/src/install/my_gazebo/share/my_gazebo/hook/cmake_prefix_path.dsv'
[0.732s] INFO:colcon.colcon_core.shell:Creating environment hook '/home/zega/Desktop/ros_dev/src/install/my_gazebo/share/my_gazebo/hook/cmake_prefix_path.sh'
[0.732s] Level 1:colcon.colcon_core.environment:checking '/home/zega/Desktop/ros_dev/src/install/my_gazebo/bin'
[0.732s] Level 1:colcon.colcon_core.environment:checking '/home/zega/Desktop/ros_dev/src/install/my_gazebo/lib/pkgconfig/my_gazebo.pc'
[0.733s] Level 1:colcon.colcon_core.environment:checking '/home/zega/Desktop/ros_dev/src/install/my_gazebo/lib/python3.8/site-packages'
[0.733s] Level 1:colcon.colcon_core.environment:checking '/home/zega/Desktop/ros_dev/src/install/my_gazebo/bin'
[0.734s] INFO:colcon.colcon_core.shell:Creating package script '/home/zega/Desktop/ros_dev/src/install/my_gazebo/share/my_gazebo/package.ps1'
[0.736s] INFO:colcon.colcon_core.shell:Creating package descriptor '/home/zega/Desktop/ros_dev/src/install/my_gazebo/share/my_gazebo/package.dsv'
[0.737s] INFO:colcon.colcon_core.shell:Creating package script '/home/zega/Desktop/ros_dev/src/install/my_gazebo/share/my_gazebo/package.sh'
[0.737s] INFO:colcon.colcon_core.shell:Creating package script '/home/zega/Desktop/ros_dev/src/install/my_gazebo/share/my_gazebo/package.bash'
[0.738s] INFO:colcon.colcon_core.shell:Creating package script '/home/zega/Desktop/ros_dev/src/install/my_gazebo/share/my_gazebo/package.zsh'
[0.738s] Level 1:colcon.colcon_core.environment:create_file_with_runtime_dependencies(/home/zega/Desktop/ros_dev/src/install/my_gazebo/share/colcon-core/packages/my_gazebo)
[0.739s] Level 1:colcon.colcon_core.environment:create_environment_scripts_only(l3xz_sweep_scanner)
[0.740s] Level 1:colcon.colcon_core.environment:checking '/home/zega/Desktop/ros_dev/src/install/l3xz_sweep_scanner' for CMake module files
[0.740s] Level 1:colcon.colcon_core.environment:checking '/home/zega/Desktop/ros_dev/src/install/l3xz_sweep_scanner' for CMake config files
[0.741s] DEBUG:colcon.colcon_core.event_handler.log_command:Invoked command in '/home/zega/Desktop/ros_dev/src/build/l3xz_sweep_scanner' returned '0': CMAKE_PREFIX_PATH=${CMAKE_PREFIX_PATH}:/opt/ros/foxy /usr/bin/cmake --install /home/zega/Desktop/ros_dev/src/build/l3xz_sweep_scanner
[0.741s] Level 1:colcon.colcon_core.shell:create_environment_hook('l3xz_sweep_scanner', 'cmake_prefix_path')
[0.741s] INFO:colcon.colcon_core.shell:Creating environment hook '/home/zega/Desktop/ros_dev/src/install/l3xz_sweep_scanner/share/l3xz_sweep_scanner/hook/cmake_prefix_path.ps1'
[0.742s] INFO:colcon.colcon_core.shell:Creating environment descriptor '/home/zega/Desktop/ros_dev/src/install/l3xz_sweep_scanner/share/l3xz_sweep_scanner/hook/cmake_prefix_path.dsv'
[0.743s] INFO:colcon.colcon_core.shell:Creating environment hook '/home/zega/Desktop/ros_dev/src/install/l3xz_sweep_scanner/share/l3xz_sweep_scanner/hook/cmake_prefix_path.sh'
[0.743s] Level 1:colcon.colcon_core.environment:checking '/home/zega/Desktop/ros_dev/src/install/l3xz_sweep_scanner/lib'
[0.744s] Level 1:colcon.colcon_core.environment:checking '/home/zega/Desktop/ros_dev/src/install/l3xz_sweep_scanner/bin'
[0.744s] Level 1:colcon.colcon_core.environment:checking '/home/zega/Desktop/ros_dev/src/install/l3xz_sweep_scanner/lib/pkgconfig/l3xz_sweep_scanner.pc'
[0.744s] Level 1:colcon.colcon_core.environment:checking '/home/zega/Desktop/ros_dev/src/install/l3xz_sweep_scanner/lib/python3.8/site-packages'
[0.745s] Level 1:colcon.colcon_core.environment:checking '/home/zega/Desktop/ros_dev/src/install/l3xz_sweep_scanner/bin'
[0.745s] INFO:colcon.colcon_core.shell:Creating package script '/home/zega/Desktop/ros_dev/src/install/l3xz_sweep_scanner/share/l3xz_sweep_scanner/package.ps1'
[0.746s] INFO:colcon.colcon_core.shell:Creating package descriptor '/home/zega/Desktop/ros_dev/src/install/l3xz_sweep_scanner/share/l3xz_sweep_scanner/package.dsv'
[0.747s] INFO:colcon.colcon_core.shell:Creating package script '/home/zega/Desktop/ros_dev/src/install/l3xz_sweep_scanner/share/l3xz_sweep_scanner/package.sh'
[0.748s] INFO:colcon.colcon_core.shell:Creating package script '/home/zega/Desktop/ros_dev/src/install/l3xz_sweep_scanner/share/l3xz_sweep_scanner/package.bash'
[0.748s] INFO:colcon.colcon_core.shell:Creating package script '/home/zega/Desktop/ros_dev/src/install/l3xz_sweep_scanner/share/l3xz_sweep_scanner/package.zsh'
[0.748s] Level 1:colcon.colcon_core.environment:create_file_with_runtime_dependencies(/home/zega/Desktop/ros_dev/src/install/l3xz_sweep_scanner/share/colcon-core/packages/l3xz_sweep_scanner)
[0.757s] DEBUG:colcon.colcon_core.event_handler.log_command:Invoking command in '/home/zega/Desktop/ros_dev/src/build/kinect_ros2': CMAKE_PREFIX_PATH=${CMAKE_PREFIX_PATH}:/opt/ros/foxy /usr/bin/cmake --install /home/zega/Desktop/ros_dev/src/build/kinect_ros2
[0.794s] Level 1:colcon.colcon_core.environment:create_environment_scripts_only(kinect_ros2)
[0.794s] Level 1:colcon.colcon_core.environment:checking '/home/zega/Desktop/ros_dev/src/install/kinect_ros2' for CMake module files
[0.795s] DEBUG:colcon.colcon_core.event_handler.log_command:Invoked command in '/home/zega/Desktop/ros_dev/src/build/kinect_ros2' returned '0': CMAKE_PREFIX_PATH=${CMAKE_PREFIX_PATH}:/opt/ros/foxy /usr/bin/cmake --install /home/zega/Desktop/ros_dev/src/build/kinect_ros2
[0.796s] Level 1:colcon.colcon_core.environment:checking '/home/zega/Desktop/ros_dev/src/install/kinect_ros2' for CMake config files
[0.796s] Level 1:colcon.colcon_core.shell:create_environment_hook('kinect_ros2', 'cmake_prefix_path')
[0.796s] INFO:colcon.colcon_core.shell:Creating environment hook '/home/zega/Desktop/ros_dev/src/install/kinect_ros2/share/kinect_ros2/hook/cmake_prefix_path.ps1'
[0.797s] INFO:colcon.colcon_core.shell:Creating environment descriptor '/home/zega/Desktop/ros_dev/src/install/kinect_ros2/share/kinect_ros2/hook/cmake_prefix_path.dsv'
[0.798s] INFO:colcon.colcon_core.shell:Creating environment hook '/home/zega/Desktop/ros_dev/src/install/kinect_ros2/share/kinect_ros2/hook/cmake_prefix_path.sh'
[0.799s] Level 1:colcon.colcon_core.environment:checking '/home/zega/Desktop/ros_dev/src/install/kinect_ros2/lib'
[0.799s] Level 1:colcon.colcon_core.shell:create_environment_hook('kinect_ros2', 'ld_library_path_lib')
[0.799s] INFO:colcon.colcon_core.shell:Creating environment hook '/home/zega/Desktop/ros_dev/src/install/kinect_ros2/share/kinect_ros2/hook/ld_library_path_lib.ps1'
[0.799s] INFO:colcon.colcon_core.shell:Creating environment descriptor '/home/zega/Desktop/ros_dev/src/install/kinect_ros2/share/kinect_ros2/hook/ld_library_path_lib.dsv'
[0.800s] INFO:colcon.colcon_core.shell:Creating environment hook '/home/zega/Desktop/ros_dev/src/install/kinect_ros2/share/kinect_ros2/hook/ld_library_path_lib.sh'
[0.800s] Level 1:colcon.colcon_core.environment:checking '/home/zega/Desktop/ros_dev/src/install/kinect_ros2/bin'
[0.800s] Level 1:colcon.colcon_core.environment:checking '/home/zega/Desktop/ros_dev/src/install/kinect_ros2/lib/pkgconfig/kinect_ros2.pc'
[0.801s] Level 1:colcon.colcon_core.environment:checking '/home/zega/Desktop/ros_dev/src/install/kinect_ros2/lib/python3.8/site-packages'
[0.801s] Level 1:colcon.colcon_core.environment:checking '/home/zega/Desktop/ros_dev/src/install/kinect_ros2/bin'
[0.801s] INFO:colcon.colcon_core.shell:Creating package script '/home/zega/Desktop/ros_dev/src/install/kinect_ros2/share/kinect_ros2/package.ps1'
[0.802s] INFO:colcon.colcon_core.shell:Creating package descriptor '/home/zega/Desktop/ros_dev/src/install/kinect_ros2/share/kinect_ros2/package.dsv'
[0.802s] INFO:colcon.colcon_core.shell:Creating package script '/home/zega/Desktop/ros_dev/src/install/kinect_ros2/share/kinect_ros2/package.sh'
[0.803s] INFO:colcon.colcon_core.shell:Creating package script '/home/zega/Desktop/ros_dev/src/install/kinect_ros2/share/kinect_ros2/package.bash'
[0.803s] INFO:colcon.colcon_core.shell:Creating package script '/home/zega/Desktop/ros_dev/src/install/kinect_ros2/share/kinect_ros2/package.zsh'
[0.803s] Level 1:colcon.colcon_core.environment:create_file_with_runtime_dependencies(/home/zega/Desktop/ros_dev/src/install/kinect_ros2/share/colcon-core/packages/kinect_ros2)
[0.809s] Level 1:colcon.colcon_core.environment:create_environment_scripts_only(l3xz_sweep_scanner)
[0.809s] Level 1:colcon.colcon_core.environment:checking '/home/zega/Desktop/ros_dev/src/install/l3xz_sweep_scanner' for CMake module files
[0.810s] Level 1:colcon.colcon_core.environment:checking '/home/zega/Desktop/ros_dev/src/install/l3xz_sweep_scanner' for CMake config files
[0.811s] Level 1:colcon.colcon_core.shell:create_environment_hook('l3xz_sweep_scanner', 'cmake_prefix_path')
[0.811s] INFO:colcon.colcon_core.shell:Creating environment hook '/home/zega/Desktop/ros_dev/src/install/l3xz_sweep_scanner/share/l3xz_sweep_scanner/hook/cmake_prefix_path.ps1'
[0.812s] INFO:colcon.colcon_core.shell:Creating environment descriptor '/home/zega/Desktop/ros_dev/src/install/l3xz_sweep_scanner/share/l3xz_sweep_scanner/hook/cmake_prefix_path.dsv'
[0.812s] INFO:colcon.colcon_core.shell:Creating environment hook '/home/zega/Desktop/ros_dev/src/install/l3xz_sweep_scanner/share/l3xz_sweep_scanner/hook/cmake_prefix_path.sh'
[0.812s] Level 1:colcon.colcon_core.environment:checking '/home/zega/Desktop/ros_dev/src/install/l3xz_sweep_scanner/lib'
[0.813s] Level 1:colcon.colcon_core.environment:checking '/home/zega/Desktop/ros_dev/src/install/l3xz_sweep_scanner/bin'
[0.813s] Level 1:colcon.colcon_core.environment:checking '/home/zega/Desktop/ros_dev/src/install/l3xz_sweep_scanner/lib/pkgconfig/l3xz_sweep_scanner.pc'
[0.813s] Level 1:colcon.colcon_core.environment:checking '/home/zega/Desktop/ros_dev/src/install/l3xz_sweep_scanner/lib/python3.8/site-packages'
[0.813s] Level 1:colcon.colcon_core.environment:checking '/home/zega/Desktop/ros_dev/src/install/l3xz_sweep_scanner/bin'
[0.814s] INFO:colcon.colcon_core.shell:Creating package script '/home/zega/Desktop/ros_dev/src/install/l3xz_sweep_scanner/share/l3xz_sweep_scanner/package.ps1'
[0.814s] INFO:colcon.colcon_core.shell:Creating package descriptor '/home/zega/Desktop/ros_dev/src/install/l3xz_sweep_scanner/share/l3xz_sweep_scanner/package.dsv'
[0.815s] INFO:colcon.colcon_core.shell:Creating package script '/home/zega/Desktop/ros_dev/src/install/l3xz_sweep_scanner/share/l3xz_sweep_scanner/package.sh'
[0.815s] INFO:colcon.colcon_core.shell:Creating package script '/home/zega/Desktop/ros_dev/src/install/l3xz_sweep_scanner/share/l3xz_sweep_scanner/package.bash'
[0.816s] INFO:colcon.colcon_core.shell:Creating package script '/home/zega/Desktop/ros_dev/src/install/l3xz_sweep_scanner/share/l3xz_sweep_scanner/package.zsh'
[0.816s] Level 1:colcon.colcon_core.environment:create_file_with_runtime_dependencies(/home/zega/Desktop/ros_dev/src/install/l3xz_sweep_scanner/share/colcon-core/packages/l3xz_sweep_scanner)
[0.839s] Level 1:colcon.colcon_core.environment:create_environment_scripts_only(kinect_ros2)
[0.840s] Level 1:colcon.colcon_core.environment:checking '/home/zega/Desktop/ros_dev/src/install/kinect_ros2' for CMake module files
[0.841s] Level 1:colcon.colcon_core.environment:checking '/home/zega/Desktop/ros_dev/src/install/kinect_ros2' for CMake config files
[0.841s] Level 1:colcon.colcon_core.shell:create_environment_hook('kinect_ros2', 'cmake_prefix_path')
[0.842s] INFO:colcon.colcon_core.shell:Creating environment hook '/home/zega/Desktop/ros_dev/src/install/kinect_ros2/share/kinect_ros2/hook/cmake_prefix_path.ps1'
[0.843s] INFO:colcon.colcon_core.shell:Creating environment descriptor '/home/zega/Desktop/ros_dev/src/install/kinect_ros2/share/kinect_ros2/hook/cmake_prefix_path.dsv'
[0.843s] INFO:colcon.colcon_core.shell:Creating environment hook '/home/zega/Desktop/ros_dev/src/install/kinect_ros2/share/kinect_ros2/hook/cmake_prefix_path.sh'
[0.844s] Level 1:colcon.colcon_core.environment:checking '/home/zega/Desktop/ros_dev/src/install/kinect_ros2/lib'
[0.844s] Level 1:colcon.colcon_core.shell:create_environment_hook('kinect_ros2', 'ld_library_path_lib')
[0.844s] INFO:colcon.colcon_core.shell:Creating environment hook '/home/zega/Desktop/ros_dev/src/install/kinect_ros2/share/kinect_ros2/hook/ld_library_path_lib.ps1'
[0.845s] INFO:colcon.colcon_core.shell:Creating environment descriptor '/home/zega/Desktop/ros_dev/src/install/kinect_ros2/share/kinect_ros2/hook/ld_library_path_lib.dsv'
[0.846s] INFO:colcon.colcon_core.shell:Creating environment hook '/home/zega/Desktop/ros_dev/src/install/kinect_ros2/share/kinect_ros2/hook/ld_library_path_lib.sh'
[0.846s] Level 1:colcon.colcon_core.environment:checking '/home/zega/Desktop/ros_dev/src/install/kinect_ros2/bin'
[0.846s] Level 1:colcon.colcon_core.environment:checking '/home/zega/Desktop/ros_dev/src/install/kinect_ros2/lib/pkgconfig/kinect_ros2.pc'
[0.846s] Level 1:colcon.colcon_core.environment:checking '/home/zega/Desktop/ros_dev/src/install/kinect_ros2/lib/python3.8/site-packages'
[0.847s] Level 1:colcon.colcon_core.environment:checking '/home/zega/Desktop/ros_dev/src/install/kinect_ros2/bin'
[0.848s] INFO:colcon.colcon_core.shell:Creating package script '/home/zega/Desktop/ros_dev/src/install/kinect_ros2/share/kinect_ros2/package.ps1'
[0.848s] INFO:colcon.colcon_core.shell:Creating package descriptor '/home/zega/Desktop/ros_dev/src/install/kinect_ros2/share/kinect_ros2/package.dsv'
[0.849s] INFO:colcon.colcon_core.shell:Creating package script '/home/zega/Desktop/ros_dev/src/install/kinect_ros2/share/kinect_ros2/package.sh'
[0.849s] INFO:colcon.colcon_core.shell:Creating package script '/home/zega/Desktop/ros_dev/src/install/kinect_ros2/share/kinect_ros2/package.bash'
[0.850s] INFO:colcon.colcon_core.shell:Creating package script '/home/zega/Desktop/ros_dev/src/install/kinect_ros2/share/kinect_ros2/package.zsh'
[0.850s] Level 1:colcon.colcon_core.environment:create_file_with_runtime_dependencies(/home/zega/Desktop/ros_dev/src/install/kinect_ros2/share/colcon-core/packages/kinect_ros2)
[0.850s] DEBUG:colcon.colcon_parallel_executor.executor.parallel:closing loop
[0.851s] DEBUG:colcon.colcon_parallel_executor.executor.parallel:loop closed
[0.851s] DEBUG:colcon.colcon_parallel_executor.executor.parallel:run_until_complete finished with '0'
[0.851s] DEBUG:colcon.colcon_core.event_reactor:joining thread
[0.859s] INFO:colcon.colcon_core.plugin_system:Skipping extension 'colcon_notification.desktop_notification.terminal_notifier': Not used on non-Darwin systems
[0.859s] INFO:colcon.colcon_core.plugin_system:Skipping extension 'colcon_notification.desktop_notification.win32': Not used on non-Windows systems
[0.859s] INFO:colcon.colcon_notification.desktop_notification:Sending desktop notification using 'notify2'
[0.883s] DEBUG:colcon.colcon_core.event_reactor:joined thread
[0.883s] INFO:colcon.colcon_core.shell:Creating prefix script '/home/zega/Desktop/ros_dev/src/install/local_setup.ps1'
[0.885s] INFO:colcon.colcon_core.shell:Creating prefix util module '/home/zega/Desktop/ros_dev/src/install/_local_setup_util_ps1.py'
[0.887s] INFO:colcon.colcon_core.shell:Creating prefix chain script '/home/zega/Desktop/ros_dev/src/install/setup.ps1'
[0.888s] INFO:colcon.colcon_core.shell:Creating prefix script '/home/zega/Desktop/ros_dev/src/install/local_setup.sh'
[0.889s] INFO:colcon.colcon_core.shell:Creating prefix util module '/home/zega/Desktop/ros_dev/src/install/_local_setup_util_sh.py'
[0.889s] INFO:colcon.colcon_core.shell:Creating prefix chain script '/home/zega/Desktop/ros_dev/src/install/setup.sh'
[0.891s] INFO:colcon.colcon_core.shell:Creating prefix script '/home/zega/Desktop/ros_dev/src/install/local_setup.bash'
[0.891s] INFO:colcon.colcon_core.shell:Creating prefix chain script '/home/zega/Desktop/ros_dev/src/install/setup.bash'
[0.893s] INFO:colcon.colcon_core.shell:Creating prefix script '/home/zega/Desktop/ros_dev/src/install/local_setup.zsh'
[0.894s] INFO:colcon.colcon_core.shell:Creating prefix chain script '/home/zega/Desktop/ros_dev/src/install/setup.zsh'
