-- The C compiler identification is GNU 9.4.0
-- The CXX compiler identification is GNU 9.4.0
-- Check for working C compiler: /usr/bin/cc
-- Check for working C compiler: /usr/bin/cc -- works
-- Detecting C compiler ABI info
-- Detecting C compiler ABI info - done
-- Detecting C compile features
-- Detecting C compile features - done
-- Check for working CXX compiler: /usr/bin/c++
-- Check for working CXX compiler: /usr/bin/c++ -- works
-- Detecting CXX compiler ABI info
-- Detecting CXX compiler ABI info - done
-- Detecting CXX compile features
-- Detecting CXX compile features - done
-- Found ament_cmake: 0.9.12 (/opt/ros/foxy/share/ament_cmake/cmake)
-- Found PythonInterp: /usr/bin/python3 (found suitable version "3.8.10", minimum required is "3") 
-- Using PYTHON_EXECUTABLE: /usr/bin/python3
-- Override CMake install command with custom implementation using symlinks instead of copying resources
-- Found rclcpp: 2.4.3 (/opt/ros/foxy/share/rclcpp/cmake)
-- Using all available rosidl_typesupport_c: rosidl_typesupport_fastrtps_c;rosidl_typesupport_introspection_c
-- Found rosidl_adapter: 1.3.1 (/opt/ros/foxy/share/rosidl_adapter/cmake)
-- Found OpenSSL: /usr/lib/x86_64-linux-gnu/libcrypto.so (found version "1.1.1f")  
-- Found FastRTPS: /opt/ros/foxy/include  
-- Using all available rosidl_typesupport_cpp: rosidl_typesupport_fastrtps_cpp;rosidl_typesupport_introspection_cpp
-- Found rmw_implementation_cmake: 1.0.4 (/opt/ros/foxy/share/rmw_implementation_cmake/cmake)
-- Using RMW implementation 'rmw_fastrtps_cpp' as default
-- Looking for pthread.h
-- Looking for pthread.h - found
-- Performing Test CMAKE_HAVE_LIBC_PTHREAD
-- Performing Test CMAKE_HAVE_LIBC_PTHREAD - Failed
-- Looking for pthread_create in pthreads
-- Looking for pthread_create in pthreads - not found
-- Looking for pthread_create in pthread
-- Looking for pthread_create in pthread - found
-- Found Threads: TRUE  
-- Found sensor_msgs: 2.0.5 (/opt/ros/foxy/share/sensor_msgs/cmake)
-- Configuring done
-- Generating done
-- Build files have been written to: /home/zega/Desktop/ros_dev/src/build/l3xz_sweep_scanner
[35m[1mScanning dependencies of target sweep[0m
[ 14%] [32mBuilding CXX object external/libsweep/current/CMakeFiles/sweep.dir/src/unix/serial.cc.o[0m
[ 28%] [32mBuilding CXX object external/libsweep/current/CMakeFiles/sweep.dir/src/sweep.cc.o[0m
[ 42%] [32mBuilding CXX object external/libsweep/current/CMakeFiles/sweep.dir/src/protocol.cc.o[0m
[ 57%] [32m[1mLinking CXX static library libsweep.a[0m
[ 57%] Built target sweep
[35m[1mScanning dependencies of target l3xz_sweep_scanner_node[0m
[ 71%] [32mBuilding CXX object CMakeFiles/l3xz_sweep_scanner_node.dir/src/main.cpp.o[0m
[ 85%] [32mBuilding CXX object CMakeFiles/l3xz_sweep_scanner_node.dir/src/SweepScannerNode.cpp.o[0m
[100%] [32m[1mLinking CXX executable l3xz_sweep_scanner_node[0m
[100%] Built target l3xz_sweep_scanner_node
-- Install configuration: ""
-- Execute custom install script
-- Symlinking: /home/zega/Desktop/ros_dev/src/install/l3xz_sweep_scanner/lib/l3xz_sweep_scanner/l3xz_sweep_scanner_node
-- Symlinking: /home/zega/Desktop/ros_dev/src/install/l3xz_sweep_scanner/share/l3xz_sweep_scanner/launch/laser.launch.py
-- Symlinking: /home/zega/Desktop/ros_dev/src/install/l3xz_sweep_scanner/share/ament_index/resource_index/package_run_dependencies/l3xz_sweep_scanner
-- Symlinking: /home/zega/Desktop/ros_dev/src/install/l3xz_sweep_scanner/share/ament_index/resource_index/parent_prefix_path/l3xz_sweep_scanner
-- Symlinking: /home/zega/Desktop/ros_dev/src/install/l3xz_sweep_scanner/share/l3xz_sweep_scanner/environment/ament_prefix_path.sh
-- Symlinking: /home/zega/Desktop/ros_dev/src/install/l3xz_sweep_scanner/share/l3xz_sweep_scanner/environment/ament_prefix_path.dsv
-- Symlinking: /home/zega/Desktop/ros_dev/src/install/l3xz_sweep_scanner/share/l3xz_sweep_scanner/environment/path.sh
-- Symlinking: /home/zega/Desktop/ros_dev/src/install/l3xz_sweep_scanner/share/l3xz_sweep_scanner/environment/path.dsv
-- Symlinking: /home/zega/Desktop/ros_dev/src/install/l3xz_sweep_scanner/share/l3xz_sweep_scanner/local_setup.bash
-- Symlinking: /home/zega/Desktop/ros_dev/src/install/l3xz_sweep_scanner/share/l3xz_sweep_scanner/local_setup.sh
-- Symlinking: /home/zega/Desktop/ros_dev/src/install/l3xz_sweep_scanner/share/l3xz_sweep_scanner/local_setup.zsh
-- Symlinking: /home/zega/Desktop/ros_dev/src/install/l3xz_sweep_scanner/share/l3xz_sweep_scanner/local_setup.dsv
-- Symlinking: /home/zega/Desktop/ros_dev/src/install/l3xz_sweep_scanner/share/l3xz_sweep_scanner/package.dsv
-- Symlinking: /home/zega/Desktop/ros_dev/src/install/l3xz_sweep_scanner/share/ament_index/resource_index/packages/l3xz_sweep_scanner
-- Symlinking: /home/zega/Desktop/ros_dev/src/install/l3xz_sweep_scanner/share/l3xz_sweep_scanner/cmake/l3xz_sweep_scannerConfig.cmake
-- Symlinking: /home/zega/Desktop/ros_dev/src/install/l3xz_sweep_scanner/share/l3xz_sweep_scanner/cmake/l3xz_sweep_scannerConfig-version.cmake
-- Symlinking: /home/zega/Desktop/ros_dev/src/install/l3xz_sweep_scanner/share/l3xz_sweep_scanner/package.xml
