[0.033s] Invoking command in '/home/zega/Desktop/ros_dev/src/build/l3xz_sweep_scanner': CMAKE_PREFIX_PATH=${CMAKE_PREFIX_PATH}:/opt/ros/foxy /usr/bin/cmake /home/zega/Desktop/ros_dev/src/l3xz_sweep_scanner -DAMENT_CMAKE_SYMLINK_INSTALL=1 -DCMAKE_INSTALL_PREFIX=/home/zega/Desktop/ros_dev/src/install/l3xz_sweep_scanner
[0.367s] -- The C compiler identification is GNU 9.4.0
[0.439s] -- The CXX compiler identification is GNU 9.4.0
[0.444s] -- Check for working C compiler: /usr/bin/cc
[0.509s] -- Check for working C compiler: /usr/bin/cc -- works
[0.522s] -- Detecting C compiler ABI info
[0.631s] -- Detecting C compiler ABI info - done
[0.645s] -- Detecting C compile features
[0.648s] -- Detecting C compile features - done
[0.652s] -- Check for working CXX compiler: /usr/bin/c++
[0.729s] -- Check for working CXX compiler: /usr/bin/c++ -- works
[0.730s] -- Detecting CXX compiler ABI info
[0.815s] -- Detecting CXX compiler ABI info - done
[0.830s] -- Detecting CXX compile features
[0.830s] -- Detecting CXX compile features - done
[1.006s] -- Found ament_cmake: 0.9.12 (/opt/ros/foxy/share/ament_cmake/cmake)
[1.029s] -- Found PythonInterp: /usr/bin/python3 (found suitable version "3.8.10", minimum required is "3") 
[1.029s] -- Using PYTHON_EXECUTABLE: /usr/bin/python3
[1.229s] -- Override CMake install command with custom implementation using symlinks instead of copying resources
[1.282s] -- Found rclcpp: 2.4.3 (/opt/ros/foxy/share/rclcpp/cmake)
[1.442s] -- Using all available rosidl_typesupport_c: rosidl_typesupport_fastrtps_c;rosidl_typesupport_introspection_c
[1.460s] -- Found rosidl_adapter: 1.3.1 (/opt/ros/foxy/share/rosidl_adapter/cmake)
[1.819s] -- Found OpenSSL: /usr/lib/x86_64-linux-gnu/libcrypto.so (found version "1.1.1f")  
[1.850s] -- Found FastRTPS: /opt/ros/foxy/include  
[1.934s] -- Using all available rosidl_typesupport_cpp: rosidl_typesupport_fastrtps_cpp;rosidl_typesupport_introspection_cpp
[1.994s] -- Found rmw_implementation_cmake: 1.0.4 (/opt/ros/foxy/share/rmw_implementation_cmake/cmake)
[1.995s] -- Using RMW implementation 'rmw_fastrtps_cpp' as default
[2.003s] -- Looking for pthread.h
[2.096s] -- Looking for pthread.h - found
[2.096s] -- Performing Test CMAKE_HAVE_LIBC_PTHREAD
[2.166s] -- Performing Test CMAKE_HAVE_LIBC_PTHREAD - Failed
[2.166s] -- Looking for pthread_create in pthreads
[2.258s] -- Looking for pthread_create in pthreads - not found
[2.258s] -- Looking for pthread_create in pthread
[2.327s] -- Looking for pthread_create in pthread - found
[2.328s] -- Found Threads: TRUE  
[2.530s] -- Found sensor_msgs: 2.0.5 (/opt/ros/foxy/share/sensor_msgs/cmake)
[2.729s] -- Configuring done
[2.740s] -- Generating done
[2.742s] -- Build files have been written to: /home/zega/Desktop/ros_dev/src/build/l3xz_sweep_scanner
[2.751s] Invoked command in '/home/zega/Desktop/ros_dev/src/build/l3xz_sweep_scanner' returned '0': CMAKE_PREFIX_PATH=${CMAKE_PREFIX_PATH}:/opt/ros/foxy /usr/bin/cmake /home/zega/Desktop/ros_dev/src/l3xz_sweep_scanner -DAMENT_CMAKE_SYMLINK_INSTALL=1 -DCMAKE_INSTALL_PREFIX=/home/zega/Desktop/ros_dev/src/install/l3xz_sweep_scanner
[2.753s] Invoking command in '/home/zega/Desktop/ros_dev/src/build/l3xz_sweep_scanner': CMAKE_PREFIX_PATH=${CMAKE_PREFIX_PATH}:/opt/ros/foxy /usr/bin/cmake --build /home/zega/Desktop/ros_dev/src/build/l3xz_sweep_scanner -- -j6 -l6
[2.789s] [35m[1mScanning dependencies of target sweep[0m
[2.799s] [ 14%] [32mBuilding CXX object external/libsweep/current/CMakeFiles/sweep.dir/src/unix/serial.cc.o[0m
[3.043s] [ 28%] [32mBuilding CXX object external/libsweep/current/CMakeFiles/sweep.dir/src/sweep.cc.o[0m
[3.606s] [ 42%] [32mBuilding CXX object external/libsweep/current/CMakeFiles/sweep.dir/src/protocol.cc.o[0m
[3.830s] [ 57%] [32m[1mLinking CXX static library libsweep.a[0m
[3.947s] [ 57%] Built target sweep
[3.956s] [35m[1mScanning dependencies of target l3xz_sweep_scanner_node[0m
[4.249s] [ 71%] [32mBuilding CXX object CMakeFiles/l3xz_sweep_scanner_node.dir/src/main.cpp.o[0m
[6.059s] [ 85%] [32mBuilding CXX object CMakeFiles/l3xz_sweep_scanner_node.dir/src/SweepScannerNode.cpp.o[0m
[8.715s] [100%] [32m[1mLinking CXX executable l3xz_sweep_scanner_node[0m
[8.886s] [100%] Built target l3xz_sweep_scanner_node
[8.897s] Invoked command in '/home/zega/Desktop/ros_dev/src/build/l3xz_sweep_scanner' returned '0': CMAKE_PREFIX_PATH=${CMAKE_PREFIX_PATH}:/opt/ros/foxy /usr/bin/cmake --build /home/zega/Desktop/ros_dev/src/build/l3xz_sweep_scanner -- -j6 -l6
[8.924s] Invoking command in '/home/zega/Desktop/ros_dev/src/build/l3xz_sweep_scanner': CMAKE_PREFIX_PATH=${CMAKE_PREFIX_PATH}:/opt/ros/foxy /usr/bin/cmake --install /home/zega/Desktop/ros_dev/src/build/l3xz_sweep_scanner
[8.931s] -- Install configuration: ""
[8.931s] -- Execute custom install script
[8.932s] -- Symlinking: /home/zega/Desktop/ros_dev/src/install/l3xz_sweep_scanner/lib/l3xz_sweep_scanner/l3xz_sweep_scanner_node
[8.940s] -- Symlinking: /home/zega/Desktop/ros_dev/src/install/l3xz_sweep_scanner/share/l3xz_sweep_scanner/launch/laser.launch.py
[8.948s] -- Symlinking: /home/zega/Desktop/ros_dev/src/install/l3xz_sweep_scanner/share/ament_index/resource_index/package_run_dependencies/l3xz_sweep_scanner
[8.957s] -- Symlinking: /home/zega/Desktop/ros_dev/src/install/l3xz_sweep_scanner/share/ament_index/resource_index/parent_prefix_path/l3xz_sweep_scanner
[8.965s] -- Symlinking: /home/zega/Desktop/ros_dev/src/install/l3xz_sweep_scanner/share/l3xz_sweep_scanner/environment/ament_prefix_path.sh
[8.972s] -- Symlinking: /home/zega/Desktop/ros_dev/src/install/l3xz_sweep_scanner/share/l3xz_sweep_scanner/environment/ament_prefix_path.dsv
[8.980s] -- Symlinking: /home/zega/Desktop/ros_dev/src/install/l3xz_sweep_scanner/share/l3xz_sweep_scanner/environment/path.sh
[8.988s] -- Symlinking: /home/zega/Desktop/ros_dev/src/install/l3xz_sweep_scanner/share/l3xz_sweep_scanner/environment/path.dsv
[8.996s] -- Symlinking: /home/zega/Desktop/ros_dev/src/install/l3xz_sweep_scanner/share/l3xz_sweep_scanner/local_setup.bash
[9.004s] -- Symlinking: /home/zega/Desktop/ros_dev/src/install/l3xz_sweep_scanner/share/l3xz_sweep_scanner/local_setup.sh
[9.012s] -- Symlinking: /home/zega/Desktop/ros_dev/src/install/l3xz_sweep_scanner/share/l3xz_sweep_scanner/local_setup.zsh
[9.021s] -- Symlinking: /home/zega/Desktop/ros_dev/src/install/l3xz_sweep_scanner/share/l3xz_sweep_scanner/local_setup.dsv
[9.029s] -- Symlinking: /home/zega/Desktop/ros_dev/src/install/l3xz_sweep_scanner/share/l3xz_sweep_scanner/package.dsv
[9.037s] -- Symlinking: /home/zega/Desktop/ros_dev/src/install/l3xz_sweep_scanner/share/ament_index/resource_index/packages/l3xz_sweep_scanner
[9.045s] -- Symlinking: /home/zega/Desktop/ros_dev/src/install/l3xz_sweep_scanner/share/l3xz_sweep_scanner/cmake/l3xz_sweep_scannerConfig.cmake
[9.053s] -- Symlinking: /home/zega/Desktop/ros_dev/src/install/l3xz_sweep_scanner/share/l3xz_sweep_scanner/cmake/l3xz_sweep_scannerConfig-version.cmake
[9.060s] -- Symlinking: /home/zega/Desktop/ros_dev/src/install/l3xz_sweep_scanner/share/l3xz_sweep_scanner/package.xml
[9.070s] Invoked command in '/home/zega/Desktop/ros_dev/src/build/l3xz_sweep_scanner' returned '0': CMAKE_PREFIX_PATH=${CMAKE_PREFIX_PATH}:/opt/ros/foxy /usr/bin/cmake --install /home/zega/Desktop/ros_dev/src/build/l3xz_sweep_scanner
