[0.026s] Invoking command in '/home/zega/Desktop/ros_dev/src/build/l3xz_sweep_scanner': CMAKE_PREFIX_PATH=${CMAKE_PREFIX_PATH}:/opt/ros/foxy /usr/bin/cmake --build /home/zega/Desktop/ros_dev/src/build/l3xz_sweep_scanner -- -j6 -l6
[0.071s] [ 57%] Built target sweep
[0.103s] [100%] Built target l3xz_sweep_scanner_node
[0.119s] Invoked command in '/home/zega/Desktop/ros_dev/src/build/l3xz_sweep_scanner' returned '0': CMAKE_PREFIX_PATH=${CMAKE_PREFIX_PATH}:/opt/ros/foxy /usr/bin/cmake --build /home/zega/Desktop/ros_dev/src/build/l3xz_sweep_scanner -- -j6 -l6
[0.147s] Invoking command in '/home/zega/Desktop/ros_dev/src/build/l3xz_sweep_scanner': CMAKE_PREFIX_PATH=${CMAKE_PREFIX_PATH}:/opt/ros/foxy /usr/bin/cmake --install /home/zega/Desktop/ros_dev/src/build/l3xz_sweep_scanner
[0.153s] -- Install configuration: ""
[0.153s] -- Execute custom install script
[0.154s] -- Up-to-date symlink: /home/zega/Desktop/ros_dev/src/install/l3xz_sweep_scanner/lib/l3xz_sweep_scanner/l3xz_sweep_scanner_node
[0.154s] -- Up-to-date symlink: /home/zega/Desktop/ros_dev/src/install/l3xz_sweep_scanner/share/l3xz_sweep_scanner/launch/laser.launch.py
[0.155s] -- Up-to-date symlink: /home/zega/Desktop/ros_dev/src/install/l3xz_sweep_scanner/share/ament_index/resource_index/package_run_dependencies/l3xz_sweep_scanner
[0.155s] -- Up-to-date symlink: /home/zega/Desktop/ros_dev/src/install/l3xz_sweep_scanner/share/ament_index/resource_index/parent_prefix_path/l3xz_sweep_scanner
[0.155s] -- Up-to-date symlink: /home/zega/Desktop/ros_dev/src/install/l3xz_sweep_scanner/share/l3xz_sweep_scanner/environment/ament_prefix_path.sh
[0.156s] -- Up-to-date symlink: /home/zega/Desktop/ros_dev/src/install/l3xz_sweep_scanner/share/l3xz_sweep_scanner/environment/ament_prefix_path.dsv
[0.156s] -- Up-to-date symlink: /home/zega/Desktop/ros_dev/src/install/l3xz_sweep_scanner/share/l3xz_sweep_scanner/environment/path.sh
[0.156s] -- Up-to-date symlink: /home/zega/Desktop/ros_dev/src/install/l3xz_sweep_scanner/share/l3xz_sweep_scanner/environment/path.dsv
[0.157s] -- Up-to-date symlink: /home/zega/Desktop/ros_dev/src/install/l3xz_sweep_scanner/share/l3xz_sweep_scanner/local_setup.bash
[0.157s] -- Up-to-date symlink: /home/zega/Desktop/ros_dev/src/install/l3xz_sweep_scanner/share/l3xz_sweep_scanner/local_setup.sh
[0.159s] -- Up-to-date symlink: /home/zega/Desktop/ros_dev/src/install/l3xz_sweep_scanner/share/l3xz_sweep_scanner/local_setup.zsh
[0.159s] -- Up-to-date symlink: /home/zega/Desktop/ros_dev/src/install/l3xz_sweep_scanner/share/l3xz_sweep_scanner/local_setup.dsv
[0.159s] -- Symlinking: /home/zega/Desktop/ros_dev/src/install/l3xz_sweep_scanner/share/l3xz_sweep_scanner/package.dsv
[0.172s] -- Up-to-date symlink: /home/zega/Desktop/ros_dev/src/install/l3xz_sweep_scanner/share/ament_index/resource_index/packages/l3xz_sweep_scanner
[0.173s] -- Up-to-date symlink: /home/zega/Desktop/ros_dev/src/install/l3xz_sweep_scanner/share/l3xz_sweep_scanner/cmake/l3xz_sweep_scannerConfig.cmake
[0.173s] -- Up-to-date symlink: /home/zega/Desktop/ros_dev/src/install/l3xz_sweep_scanner/share/l3xz_sweep_scanner/cmake/l3xz_sweep_scannerConfig-version.cmake
[0.173s] -- Up-to-date symlink: /home/zega/Desktop/ros_dev/src/install/l3xz_sweep_scanner/share/l3xz_sweep_scanner/package.xml
[0.178s] Invoked command in '/home/zega/Desktop/ros_dev/src/build/l3xz_sweep_scanner' returned '0': CMAKE_PREFIX_PATH=${CMAKE_PREFIX_PATH}:/opt/ros/foxy /usr/bin/cmake --install /home/zega/Desktop/ros_dev/src/build/l3xz_sweep_scanner
