[0.534s] DEBUG:colcon:Command line arguments: ['/usr/bin/colcon', 'build', '--symlink-install']
[0.534s] DEBUG:colcon:Parsed command line arguments: Namespace(allow_overriding=[], ament_cmake_args=None, base_paths=['.'], build_base='build', catkin_cmake_args=None, catkin_skip_building_tests=False, cmake_args=None, cmake_clean_cache=False, cmake_clean_first=False, cmake_force_configure=False, cmake_target=None, cmake_target_skip_unavailable=False, continue_on_error=False, event_handlers=None, executor='parallel', ignore_user_meta=False, install_base='install', log_base=None, log_level=None, main=<bound method BuildVerb.main of <colcon_core.verb.build.BuildVerb object at 0x7f5a50f9b400>>, merge_install=False, metas=['./colcon.meta'], mixin=None, mixin_files=None, mixin_verb=('build',), packages_above=None, packages_above_and_dependencies=None, packages_above_depth=None, packages_end=None, packages_ignore=None, packages_ignore_regex=None, packages_select=None, packages_select_build_failed=False, packages_select_by_dep=None, packages_select_regex=None, packages_select_test_failures=False, packages_skip=None, packages_skip_build_finished=False, packages_skip_by_dep=None, packages_skip_regex=None, packages_skip_test_passed=False, packages_skip_up_to=None, packages_start=None, packages_up_to=None, packages_up_to_regex=None, parallel_workers=6, paths=None, symlink_install=True, test_result_base=None, verb_extension=<colcon_core.verb.build.BuildVerb object at 0x7f5a50f9b400>, verb_name='build', verb_parser=<colcon_mixin.mixin.mixin_argument.MixinArgumentDecorator object at 0x7f5a50f9b970>)
[0.811s] Level 1:colcon.colcon_core.package_discovery:discover_packages(colcon_meta) check parameters
[0.811s] Level 1:colcon.colcon_core.package_discovery:discover_packages(recursive) check parameters
[0.811s] Level 1:colcon.colcon_core.package_discovery:discover_packages(ignore) check parameters
[0.811s] Level 1:colcon.colcon_core.package_discovery:discover_packages(path) check parameters
[0.811s] Level 1:colcon.colcon_core.package_discovery:discover_packages(colcon_meta) discover
[0.811s] Level 1:colcon.colcon_core.package_discovery:discover_packages(recursive) discover
[0.811s] INFO:colcon.colcon_core.package_discovery:Crawling recursively for packages in '/home/zega/Desktop/ros_dev/src'
[0.811s] Level 1:colcon.colcon_core.package_identification:_identify(.) by extensions ['ignore', 'ignore_ament_install']
[0.811s] Level 1:colcon.colcon_core.package_identification:_identify(.) by extension 'ignore'
[0.811s] Level 1:colcon.colcon_core.package_identification:_identify(.) by extension 'ignore_ament_install'
[0.811s] Level 1:colcon.colcon_core.package_identification:_identify(.) by extensions ['colcon_pkg']
[0.811s] Level 1:colcon.colcon_core.package_identification:_identify(.) by extension 'colcon_pkg'
[0.811s] Level 1:colcon.colcon_core.package_identification:_identify(.) by extensions ['colcon_meta']
[0.811s] Level 1:colcon.colcon_core.package_identification:_identify(.) by extension 'colcon_meta'
[0.811s] Level 1:colcon.colcon_core.package_identification:_identify(.) by extensions ['ros']
[0.811s] Level 1:colcon.colcon_core.package_identification:_identify(.) by extension 'ros'
[0.823s] Level 1:colcon.colcon_core.package_identification:_identify(.) by extensions ['cmake', 'python']
[0.823s] Level 1:colcon.colcon_core.package_identification:_identify(.) by extension 'cmake'
[0.824s] Level 1:colcon.colcon_core.package_identification:_identify(.) by extension 'python'
[0.824s] Level 1:colcon.colcon_core.package_identification:_identify(.) by extensions ['python_setup_py']
[0.824s] Level 1:colcon.colcon_core.package_identification:_identify(.) by extension 'python_setup_py'
[0.824s] Level 1:colcon.colcon_core.package_identification:_identify(build) by extensions ['ignore', 'ignore_ament_install']
[0.824s] Level 1:colcon.colcon_core.package_identification:_identify(build) by extension 'ignore'
[0.824s] Level 1:colcon.colcon_core.package_identification:_identify(build) ignored
[0.824s] Level 1:colcon.colcon_core.package_identification:_identify(install) by extensions ['ignore', 'ignore_ament_install']
[0.824s] Level 1:colcon.colcon_core.package_identification:_identify(install) by extension 'ignore'
[0.824s] Level 1:colcon.colcon_core.package_identification:_identify(install) ignored
[0.824s] Level 1:colcon.colcon_core.package_identification:_identify(kinect_ros2) by extensions ['ignore', 'ignore_ament_install']
[0.824s] Level 1:colcon.colcon_core.package_identification:_identify(kinect_ros2) by extension 'ignore'
[0.824s] Level 1:colcon.colcon_core.package_identification:_identify(kinect_ros2) by extension 'ignore_ament_install'
[0.824s] Level 1:colcon.colcon_core.package_identification:_identify(kinect_ros2) by extensions ['colcon_pkg']
[0.824s] Level 1:colcon.colcon_core.package_identification:_identify(kinect_ros2) by extension 'colcon_pkg'
[0.824s] Level 1:colcon.colcon_core.package_identification:_identify(kinect_ros2) by extensions ['colcon_meta']
[0.824s] Level 1:colcon.colcon_core.package_identification:_identify(kinect_ros2) by extension 'colcon_meta'
[0.824s] Level 1:colcon.colcon_core.package_identification:_identify(kinect_ros2) by extensions ['ros']
[0.825s] Level 1:colcon.colcon_core.package_identification:_identify(kinect_ros2) by extension 'ros'
[0.827s] DEBUG:colcon.colcon_core.package_identification:Package 'kinect_ros2' with type 'ros.ament_cmake' and name 'kinect_ros2'
[0.828s] Level 1:colcon.colcon_core.package_identification:_identify(l3xz_sweep_scanner) by extensions ['ignore', 'ignore_ament_install']
[0.828s] Level 1:colcon.colcon_core.package_identification:_identify(l3xz_sweep_scanner) by extension 'ignore'
[0.828s] Level 1:colcon.colcon_core.package_identification:_identify(l3xz_sweep_scanner) by extension 'ignore_ament_install'
[0.828s] Level 1:colcon.colcon_core.package_identification:_identify(l3xz_sweep_scanner) by extensions ['colcon_pkg']
[0.828s] Level 1:colcon.colcon_core.package_identification:_identify(l3xz_sweep_scanner) by extension 'colcon_pkg'
[0.828s] Level 1:colcon.colcon_core.package_identification:_identify(l3xz_sweep_scanner) by extensions ['colcon_meta']
[0.828s] Level 1:colcon.colcon_core.package_identification:_identify(l3xz_sweep_scanner) by extension 'colcon_meta'
[0.828s] Level 1:colcon.colcon_core.package_identification:_identify(l3xz_sweep_scanner) by extensions ['ros']
[0.828s] Level 1:colcon.colcon_core.package_identification:_identify(l3xz_sweep_scanner) by extension 'ros'
[0.829s] DEBUG:colcon.colcon_core.package_identification:Package 'l3xz_sweep_scanner' with type 'ros.ament_cmake' and name 'l3xz_sweep_scanner'
[0.829s] Level 1:colcon.colcon_core.package_identification:_identify(log) by extensions ['ignore', 'ignore_ament_install']
[0.829s] Level 1:colcon.colcon_core.package_identification:_identify(log) by extension 'ignore'
[0.829s] Level 1:colcon.colcon_core.package_identification:_identify(log) ignored
[0.829s] Level 1:colcon.colcon_core.package_identification:_identify(my_gazebo) by extensions ['ignore', 'ignore_ament_install']
[0.829s] Level 1:colcon.colcon_core.package_identification:_identify(my_gazebo) by extension 'ignore'
[0.829s] Level 1:colcon.colcon_core.package_identification:_identify(my_gazebo) by extension 'ignore_ament_install'
[0.829s] Level 1:colcon.colcon_core.package_identification:_identify(my_gazebo) by extensions ['colcon_pkg']
[0.829s] Level 1:colcon.colcon_core.package_identification:_identify(my_gazebo) by extension 'colcon_pkg'
[0.829s] Level 1:colcon.colcon_core.package_identification:_identify(my_gazebo) by extensions ['colcon_meta']
[0.829s] Level 1:colcon.colcon_core.package_identification:_identify(my_gazebo) by extension 'colcon_meta'
[0.829s] Level 1:colcon.colcon_core.package_identification:_identify(my_gazebo) by extensions ['ros']
[0.829s] Level 1:colcon.colcon_core.package_identification:_identify(my_gazebo) by extension 'ros'
[0.830s] DEBUG:colcon.colcon_core.package_identification:Package 'my_gazebo' with type 'ros.ament_cmake' and name 'my_gazebo'
[0.830s] Level 1:colcon.colcon_core.package_discovery:discover_packages(recursive) using defaults
[0.830s] Level 1:colcon.colcon_core.package_discovery:discover_packages(ignore) discover
[0.830s] Level 1:colcon.colcon_core.package_discovery:discover_packages(ignore) using defaults
[0.830s] Level 1:colcon.colcon_core.package_discovery:discover_packages(path) discover
[0.830s] Level 1:colcon.colcon_core.package_discovery:discover_packages(path) using defaults
[0.885s] Level 1:colcon.colcon_core.package_discovery:discover_packages(prefix_path) check parameters
[0.885s] Level 1:colcon.colcon_core.package_discovery:discover_packages(prefix_path) discover
[0.955s] DEBUG:colcon.colcon_installed_package_information.package_discovery:Found 5 installed packages in /home/zega/Desktop/ros_dev/install
[0.957s] DEBUG:colcon.colcon_installed_package_information.package_discovery:Found 314 installed packages in /opt/ros/foxy
[0.959s] Level 1:colcon.colcon_core.package_discovery:discover_packages(prefix_path) using defaults
[1.235s] Level 5:colcon.colcon_core.verb:set package 'kinect_ros2' build argument 'cmake_args' from command line to 'None'
[1.235s] Level 5:colcon.colcon_core.verb:set package 'kinect_ros2' build argument 'cmake_target' from command line to 'None'
[1.235s] Level 5:colcon.colcon_core.verb:set package 'kinect_ros2' build argument 'cmake_target_skip_unavailable' from command line to 'False'
[1.235s] Level 5:colcon.colcon_core.verb:set package 'kinect_ros2' build argument 'cmake_clean_cache' from command line to 'False'
[1.235s] Level 5:colcon.colcon_core.verb:set package 'kinect_ros2' build argument 'cmake_clean_first' from command line to 'False'
[1.235s] Level 5:colcon.colcon_core.verb:set package 'kinect_ros2' build argument 'cmake_force_configure' from command line to 'False'
[1.235s] Level 5:colcon.colcon_core.verb:set package 'kinect_ros2' build argument 'ament_cmake_args' from command line to 'None'
[1.235s] Level 5:colcon.colcon_core.verb:set package 'kinect_ros2' build argument 'catkin_cmake_args' from command line to 'None'
[1.235s] Level 5:colcon.colcon_core.verb:set package 'kinect_ros2' build argument 'catkin_skip_building_tests' from command line to 'False'
[1.235s] DEBUG:colcon.colcon_core.verb:Building package 'kinect_ros2' with the following arguments: {'ament_cmake_args': None, 'build_base': '/home/zega/Desktop/ros_dev/src/build/kinect_ros2', 'catkin_cmake_args': None, 'catkin_skip_building_tests': False, 'cmake_args': None, 'cmake_clean_cache': False, 'cmake_clean_first': False, 'cmake_force_configure': False, 'cmake_target': None, 'cmake_target_skip_unavailable': False, 'install_base': '/home/zega/Desktop/ros_dev/src/install/kinect_ros2', 'merge_install': False, 'path': '/home/zega/Desktop/ros_dev/src/kinect_ros2', 'symlink_install': True, 'test_result_base': None}
[1.235s] Level 5:colcon.colcon_core.verb:set package 'l3xz_sweep_scanner' build argument 'cmake_args' from command line to 'None'
[1.235s] Level 5:colcon.colcon_core.verb:set package 'l3xz_sweep_scanner' build argument 'cmake_target' from command line to 'None'
[1.235s] Level 5:colcon.colcon_core.verb:set package 'l3xz_sweep_scanner' build argument 'cmake_target_skip_unavailable' from command line to 'False'
[1.235s] Level 5:colcon.colcon_core.verb:set package 'l3xz_sweep_scanner' build argument 'cmake_clean_cache' from command line to 'False'
[1.235s] Level 5:colcon.colcon_core.verb:set package 'l3xz_sweep_scanner' build argument 'cmake_clean_first' from command line to 'False'
[1.235s] Level 5:colcon.colcon_core.verb:set package 'l3xz_sweep_scanner' build argument 'cmake_force_configure' from command line to 'False'
[1.236s] Level 5:colcon.colcon_core.verb:set package 'l3xz_sweep_scanner' build argument 'ament_cmake_args' from command line to 'None'
[1.236s] Level 5:colcon.colcon_core.verb:set package 'l3xz_sweep_scanner' build argument 'catkin_cmake_args' from command line to 'None'
[1.236s] Level 5:colcon.colcon_core.verb:set package 'l3xz_sweep_scanner' build argument 'catkin_skip_building_tests' from command line to 'False'
[1.236s] DEBUG:colcon.colcon_core.verb:Building package 'l3xz_sweep_scanner' with the following arguments: {'ament_cmake_args': None, 'build_base': '/home/zega/Desktop/ros_dev/src/build/l3xz_sweep_scanner', 'catkin_cmake_args': None, 'catkin_skip_building_tests': False, 'cmake_args': None, 'cmake_clean_cache': False, 'cmake_clean_first': False, 'cmake_force_configure': False, 'cmake_target': None, 'cmake_target_skip_unavailable': False, 'install_base': '/home/zega/Desktop/ros_dev/src/install/l3xz_sweep_scanner', 'merge_install': False, 'path': '/home/zega/Desktop/ros_dev/src/l3xz_sweep_scanner', 'symlink_install': True, 'test_result_base': None}
[1.236s] Level 5:colcon.colcon_core.verb:set package 'my_gazebo' build argument 'cmake_args' from command line to 'None'
[1.236s] Level 5:colcon.colcon_core.verb:set package 'my_gazebo' build argument 'cmake_target' from command line to 'None'
[1.236s] Level 5:colcon.colcon_core.verb:set package 'my_gazebo' build argument 'cmake_target_skip_unavailable' from command line to 'False'
[1.236s] Level 5:colcon.colcon_core.verb:set package 'my_gazebo' build argument 'cmake_clean_cache' from command line to 'False'
[1.236s] Level 5:colcon.colcon_core.verb:set package 'my_gazebo' build argument 'cmake_clean_first' from command line to 'False'
[1.236s] Level 5:colcon.colcon_core.verb:set package 'my_gazebo' build argument 'cmake_force_configure' from command line to 'False'
[1.236s] Level 5:colcon.colcon_core.verb:set package 'my_gazebo' build argument 'ament_cmake_args' from command line to 'None'
[1.236s] Level 5:colcon.colcon_core.verb:set package 'my_gazebo' build argument 'catkin_cmake_args' from command line to 'None'
[1.236s] Level 5:colcon.colcon_core.verb:set package 'my_gazebo' build argument 'catkin_skip_building_tests' from command line to 'False'
[1.236s] DEBUG:colcon.colcon_core.verb:Building package 'my_gazebo' with the following arguments: {'ament_cmake_args': None, 'build_base': '/home/zega/Desktop/ros_dev/src/build/my_gazebo', 'catkin_cmake_args': None, 'catkin_skip_building_tests': False, 'cmake_args': None, 'cmake_clean_cache': False, 'cmake_clean_first': False, 'cmake_force_configure': False, 'cmake_target': None, 'cmake_target_skip_unavailable': False, 'install_base': '/home/zega/Desktop/ros_dev/src/install/my_gazebo', 'merge_install': False, 'path': '/home/zega/Desktop/ros_dev/src/my_gazebo', 'symlink_install': True, 'test_result_base': None}
[1.236s] INFO:colcon.colcon_core.executor:Executing jobs using 'parallel' executor
[1.237s] DEBUG:colcon.colcon_parallel_executor.executor.parallel:run_until_complete
[1.238s] INFO:colcon.colcon_ros.task.ament_cmake.build:Building ROS package in '/home/zega/Desktop/ros_dev/src/kinect_ros2' with build type 'ament_cmake'
[1.238s] INFO:colcon.colcon_cmake.task.cmake.build:Building CMake package in '/home/zega/Desktop/ros_dev/src/kinect_ros2'
[1.241s] INFO:colcon.colcon_core.plugin_system:Skipping extension 'colcon_core.shell.bat': Not used on non-Windows systems
[1.241s] INFO:colcon.colcon_core.shell:Skip shell extension 'powershell' for command environment: Not usable outside of PowerShell
[1.241s] DEBUG:colcon.colcon_core.shell:Skip shell extension 'dsv' for command environment
[1.246s] INFO:colcon.colcon_ros.task.ament_cmake.build:Building ROS package in '/home/zega/Desktop/ros_dev/src/l3xz_sweep_scanner' with build type 'ament_cmake'
[1.246s] INFO:colcon.colcon_cmake.task.cmake.build:Building CMake package in '/home/zega/Desktop/ros_dev/src/l3xz_sweep_scanner'
[1.247s] INFO:colcon.colcon_core.shell:Skip shell extension 'powershell' for command environment: Not usable outside of PowerShell
[1.247s] DEBUG:colcon.colcon_core.shell:Skip shell extension 'dsv' for command environment
[1.253s] INFO:colcon.colcon_ros.task.ament_cmake.build:Building ROS package in '/home/zega/Desktop/ros_dev/src/my_gazebo' with build type 'ament_cmake'
[1.253s] INFO:colcon.colcon_cmake.task.cmake.build:Building CMake package in '/home/zega/Desktop/ros_dev/src/my_gazebo'
[1.253s] INFO:colcon.colcon_core.shell:Skip shell extension 'powershell' for command environment: Not usable outside of PowerShell
[1.253s] DEBUG:colcon.colcon_core.shell:Skip shell extension 'dsv' for command environment
[1.264s] DEBUG:colcon.colcon_core.event_handler.log_command:Invoking command in '/home/zega/Desktop/ros_dev/src/build/kinect_ros2': CMAKE_PREFIX_PATH=${CMAKE_PREFIX_PATH}:/opt/ros/foxy /usr/bin/cmake /home/zega/Desktop/ros_dev/src/kinect_ros2 -DAMENT_CMAKE_SYMLINK_INSTALL=1 -DCMAKE_INSTALL_PREFIX=/home/zega/Desktop/ros_dev/src/install/kinect_ros2
[1.280s] DEBUG:colcon.colcon_core.event_handler.log_command:Invoking command in '/home/zega/Desktop/ros_dev/src/build/l3xz_sweep_scanner': CMAKE_PREFIX_PATH=${CMAKE_PREFIX_PATH}:/opt/ros/foxy /usr/bin/cmake /home/zega/Desktop/ros_dev/src/l3xz_sweep_scanner -DAMENT_CMAKE_SYMLINK_INSTALL=1 -DCMAKE_INSTALL_PREFIX=/home/zega/Desktop/ros_dev/src/install/l3xz_sweep_scanner
[1.291s] DEBUG:colcon.colcon_core.event_handler.log_command:Invoking command in '/home/zega/Desktop/ros_dev/src/build/my_gazebo': CMAKE_PREFIX_PATH=${CMAKE_PREFIX_PATH}:/opt/ros/foxy /usr/bin/cmake /home/zega/Desktop/ros_dev/src/my_gazebo -DAMENT_CMAKE_SYMLINK_INSTALL=1 -DCMAKE_INSTALL_PREFIX=/home/zega/Desktop/ros_dev/src/install/my_gazebo
[2.621s] DEBUG:colcon.colcon_core.event_handler.log_command:Invoked command in '/home/zega/Desktop/ros_dev/src/build/my_gazebo' returned '0': CMAKE_PREFIX_PATH=${CMAKE_PREFIX_PATH}:/opt/ros/foxy /usr/bin/cmake /home/zega/Desktop/ros_dev/src/my_gazebo -DAMENT_CMAKE_SYMLINK_INSTALL=1 -DCMAKE_INSTALL_PREFIX=/home/zega/Desktop/ros_dev/src/install/my_gazebo
[2.624s] DEBUG:colcon.colcon_core.event_handler.log_command:Invoking command in '/home/zega/Desktop/ros_dev/src/build/my_gazebo': CMAKE_PREFIX_PATH=${CMAKE_PREFIX_PATH}:/opt/ros/foxy /usr/bin/cmake --build /home/zega/Desktop/ros_dev/src/build/my_gazebo -- -j6 -l6
[2.659s] DEBUG:colcon.colcon_core.event_handler.log_command:Invoked command in '/home/zega/Desktop/ros_dev/src/build/my_gazebo' returned '0': CMAKE_PREFIX_PATH=${CMAKE_PREFIX_PATH}:/opt/ros/foxy /usr/bin/cmake --build /home/zega/Desktop/ros_dev/src/build/my_gazebo -- -j6 -l6
[2.690s] DEBUG:colcon.colcon_core.event_handler.log_command:Invoking command in '/home/zega/Desktop/ros_dev/src/build/my_gazebo': CMAKE_PREFIX_PATH=${CMAKE_PREFIX_PATH}:/opt/ros/foxy /usr/bin/cmake --install /home/zega/Desktop/ros_dev/src/build/my_gazebo
[2.993s] Level 1:colcon.colcon_core.environment:create_environment_scripts_only(my_gazebo)
[2.994s] DEBUG:colcon.colcon_core.event_handler.log_command:Invoked command in '/home/zega/Desktop/ros_dev/src/build/my_gazebo' returned '0': CMAKE_PREFIX_PATH=${CMAKE_PREFIX_PATH}:/opt/ros/foxy /usr/bin/cmake --install /home/zega/Desktop/ros_dev/src/build/my_gazebo
[3.061s] Level 1:colcon.colcon_core.environment:checking '/home/zega/Desktop/ros_dev/src/install/my_gazebo' for CMake module files
[3.062s] Level 1:colcon.colcon_core.environment:checking '/home/zega/Desktop/ros_dev/src/install/my_gazebo' for CMake config files
[3.062s] Level 1:colcon.colcon_core.shell:create_environment_hook('my_gazebo', 'cmake_prefix_path')
[3.062s] INFO:colcon.colcon_core.shell:Creating environment hook '/home/zega/Desktop/ros_dev/src/install/my_gazebo/share/my_gazebo/hook/cmake_prefix_path.ps1'
[3.063s] INFO:colcon.colcon_core.shell:Creating environment descriptor '/home/zega/Desktop/ros_dev/src/install/my_gazebo/share/my_gazebo/hook/cmake_prefix_path.dsv'
[3.063s] INFO:colcon.colcon_core.shell:Creating environment hook '/home/zega/Desktop/ros_dev/src/install/my_gazebo/share/my_gazebo/hook/cmake_prefix_path.sh'
[3.064s] Level 1:colcon.colcon_core.environment:checking '/home/zega/Desktop/ros_dev/src/install/my_gazebo/bin'
[3.064s] Level 1:colcon.colcon_core.environment:checking '/home/zega/Desktop/ros_dev/src/install/my_gazebo/lib/pkgconfig/my_gazebo.pc'
[3.064s] Level 1:colcon.colcon_core.environment:checking '/home/zega/Desktop/ros_dev/src/install/my_gazebo/lib/python3.8/site-packages'
[3.065s] Level 1:colcon.colcon_core.environment:checking '/home/zega/Desktop/ros_dev/src/install/my_gazebo/bin'
[3.065s] INFO:colcon.colcon_core.shell:Creating package script '/home/zega/Desktop/ros_dev/src/install/my_gazebo/share/my_gazebo/package.ps1'
[3.066s] INFO:colcon.colcon_core.shell:Creating package descriptor '/home/zega/Desktop/ros_dev/src/install/my_gazebo/share/my_gazebo/package.dsv'
[3.066s] INFO:colcon.colcon_core.shell:Creating package script '/home/zega/Desktop/ros_dev/src/install/my_gazebo/share/my_gazebo/package.sh'
[3.067s] INFO:colcon.colcon_core.shell:Creating package script '/home/zega/Desktop/ros_dev/src/install/my_gazebo/share/my_gazebo/package.bash'
[3.068s] INFO:colcon.colcon_core.shell:Creating package script '/home/zega/Desktop/ros_dev/src/install/my_gazebo/share/my_gazebo/package.zsh'
[3.068s] Level 1:colcon.colcon_core.environment:create_file_with_runtime_dependencies(/home/zega/Desktop/ros_dev/src/install/my_gazebo/share/colcon-core/packages/my_gazebo)
[3.089s] Level 1:colcon.colcon_core.environment:create_environment_scripts_only(my_gazebo)
[3.089s] Level 1:colcon.colcon_core.environment:checking '/home/zega/Desktop/ros_dev/src/install/my_gazebo' for CMake module files
[3.090s] Level 1:colcon.colcon_core.environment:checking '/home/zega/Desktop/ros_dev/src/install/my_gazebo' for CMake config files
[3.090s] Level 1:colcon.colcon_core.shell:create_environment_hook('my_gazebo', 'cmake_prefix_path')
[3.091s] INFO:colcon.colcon_core.shell:Creating environment hook '/home/zega/Desktop/ros_dev/src/install/my_gazebo/share/my_gazebo/hook/cmake_prefix_path.ps1'
[3.091s] INFO:colcon.colcon_core.shell:Creating environment descriptor '/home/zega/Desktop/ros_dev/src/install/my_gazebo/share/my_gazebo/hook/cmake_prefix_path.dsv'
[3.091s] INFO:colcon.colcon_core.shell:Creating environment hook '/home/zega/Desktop/ros_dev/src/install/my_gazebo/share/my_gazebo/hook/cmake_prefix_path.sh'
[3.092s] Level 1:colcon.colcon_core.environment:checking '/home/zega/Desktop/ros_dev/src/install/my_gazebo/bin'
[3.092s] Level 1:colcon.colcon_core.environment:checking '/home/zega/Desktop/ros_dev/src/install/my_gazebo/lib/pkgconfig/my_gazebo.pc'
[3.092s] Level 1:colcon.colcon_core.environment:checking '/home/zega/Desktop/ros_dev/src/install/my_gazebo/lib/python3.8/site-packages'
[3.092s] Level 1:colcon.colcon_core.environment:checking '/home/zega/Desktop/ros_dev/src/install/my_gazebo/bin'
[3.093s] INFO:colcon.colcon_core.shell:Creating package script '/home/zega/Desktop/ros_dev/src/install/my_gazebo/share/my_gazebo/package.ps1'
[3.093s] INFO:colcon.colcon_core.shell:Creating package descriptor '/home/zega/Desktop/ros_dev/src/install/my_gazebo/share/my_gazebo/package.dsv'
[3.094s] INFO:colcon.colcon_core.shell:Creating package script '/home/zega/Desktop/ros_dev/src/install/my_gazebo/share/my_gazebo/package.sh'
[3.095s] INFO:colcon.colcon_core.shell:Creating package script '/home/zega/Desktop/ros_dev/src/install/my_gazebo/share/my_gazebo/package.bash'
[3.095s] INFO:colcon.colcon_core.shell:Creating package script '/home/zega/Desktop/ros_dev/src/install/my_gazebo/share/my_gazebo/package.zsh'
[3.095s] Level 1:colcon.colcon_core.environment:create_file_with_runtime_dependencies(/home/zega/Desktop/ros_dev/src/install/my_gazebo/share/colcon-core/packages/my_gazebo)
[3.998s] DEBUG:colcon.colcon_core.event_handler.log_command:Invoked command in '/home/zega/Desktop/ros_dev/src/build/l3xz_sweep_scanner' returned '0': CMAKE_PREFIX_PATH=${CMAKE_PREFIX_PATH}:/opt/ros/foxy /usr/bin/cmake /home/zega/Desktop/ros_dev/src/l3xz_sweep_scanner -DAMENT_CMAKE_SYMLINK_INSTALL=1 -DCMAKE_INSTALL_PREFIX=/home/zega/Desktop/ros_dev/src/install/l3xz_sweep_scanner
[4.001s] DEBUG:colcon.colcon_core.event_handler.log_command:Invoking command in '/home/zega/Desktop/ros_dev/src/build/l3xz_sweep_scanner': CMAKE_PREFIX_PATH=${CMAKE_PREFIX_PATH}:/opt/ros/foxy /usr/bin/cmake --build /home/zega/Desktop/ros_dev/src/build/l3xz_sweep_scanner -- -j6 -l6
[5.068s] DEBUG:colcon.colcon_core.event_handler.log_command:Invoked command in '/home/zega/Desktop/ros_dev/src/build/kinect_ros2' returned '0': CMAKE_PREFIX_PATH=${CMAKE_PREFIX_PATH}:/opt/ros/foxy /usr/bin/cmake /home/zega/Desktop/ros_dev/src/kinect_ros2 -DAMENT_CMAKE_SYMLINK_INSTALL=1 -DCMAKE_INSTALL_PREFIX=/home/zega/Desktop/ros_dev/src/install/kinect_ros2
[5.070s] DEBUG:colcon.colcon_core.event_handler.log_command:Invoking command in '/home/zega/Desktop/ros_dev/src/build/kinect_ros2': CMAKE_PREFIX_PATH=${CMAKE_PREFIX_PATH}:/opt/ros/foxy /usr/bin/cmake --build /home/zega/Desktop/ros_dev/src/build/kinect_ros2 -- -j6 -l6
[10.144s] DEBUG:colcon.colcon_core.event_handler.log_command:Invoked command in '/home/zega/Desktop/ros_dev/src/build/l3xz_sweep_scanner' returned '0': CMAKE_PREFIX_PATH=${CMAKE_PREFIX_PATH}:/opt/ros/foxy /usr/bin/cmake --build /home/zega/Desktop/ros_dev/src/build/l3xz_sweep_scanner -- -j6 -l6
[10.171s] DEBUG:colcon.colcon_core.event_handler.log_command:Invoking command in '/home/zega/Desktop/ros_dev/src/build/l3xz_sweep_scanner': CMAKE_PREFIX_PATH=${CMAKE_PREFIX_PATH}:/opt/ros/foxy /usr/bin/cmake --install /home/zega/Desktop/ros_dev/src/build/l3xz_sweep_scanner
[10.316s] Level 1:colcon.colcon_core.environment:create_environment_scripts_only(l3xz_sweep_scanner)
[10.317s] DEBUG:colcon.colcon_core.event_handler.log_command:Invoked command in '/home/zega/Desktop/ros_dev/src/build/l3xz_sweep_scanner' returned '0': CMAKE_PREFIX_PATH=${CMAKE_PREFIX_PATH}:/opt/ros/foxy /usr/bin/cmake --install /home/zega/Desktop/ros_dev/src/build/l3xz_sweep_scanner
[10.317s] Level 1:colcon.colcon_core.environment:checking '/home/zega/Desktop/ros_dev/src/install/l3xz_sweep_scanner' for CMake module files
[10.318s] Level 1:colcon.colcon_core.environment:checking '/home/zega/Desktop/ros_dev/src/install/l3xz_sweep_scanner' for CMake config files
[10.318s] Level 1:colcon.colcon_core.shell:create_environment_hook('l3xz_sweep_scanner', 'cmake_prefix_path')
[10.318s] INFO:colcon.colcon_core.shell:Creating environment hook '/home/zega/Desktop/ros_dev/src/install/l3xz_sweep_scanner/share/l3xz_sweep_scanner/hook/cmake_prefix_path.ps1'
[10.319s] INFO:colcon.colcon_core.shell:Creating environment descriptor '/home/zega/Desktop/ros_dev/src/install/l3xz_sweep_scanner/share/l3xz_sweep_scanner/hook/cmake_prefix_path.dsv'
[10.319s] INFO:colcon.colcon_core.shell:Creating environment hook '/home/zega/Desktop/ros_dev/src/install/l3xz_sweep_scanner/share/l3xz_sweep_scanner/hook/cmake_prefix_path.sh'
[10.319s] Level 1:colcon.colcon_core.environment:checking '/home/zega/Desktop/ros_dev/src/install/l3xz_sweep_scanner/lib'
[10.320s] Level 1:colcon.colcon_core.environment:checking '/home/zega/Desktop/ros_dev/src/install/l3xz_sweep_scanner/bin'
[10.320s] Level 1:colcon.colcon_core.environment:checking '/home/zega/Desktop/ros_dev/src/install/l3xz_sweep_scanner/lib/pkgconfig/l3xz_sweep_scanner.pc'
[10.321s] Level 1:colcon.colcon_core.environment:checking '/home/zega/Desktop/ros_dev/src/install/l3xz_sweep_scanner/lib/python3.8/site-packages'
[10.321s] Level 1:colcon.colcon_core.environment:checking '/home/zega/Desktop/ros_dev/src/install/l3xz_sweep_scanner/bin'
[10.321s] INFO:colcon.colcon_core.shell:Creating package script '/home/zega/Desktop/ros_dev/src/install/l3xz_sweep_scanner/share/l3xz_sweep_scanner/package.ps1'
[10.321s] INFO:colcon.colcon_core.shell:Creating package descriptor '/home/zega/Desktop/ros_dev/src/install/l3xz_sweep_scanner/share/l3xz_sweep_scanner/package.dsv'
[10.322s] INFO:colcon.colcon_core.shell:Creating package script '/home/zega/Desktop/ros_dev/src/install/l3xz_sweep_scanner/share/l3xz_sweep_scanner/package.sh'
[10.322s] INFO:colcon.colcon_core.shell:Creating package script '/home/zega/Desktop/ros_dev/src/install/l3xz_sweep_scanner/share/l3xz_sweep_scanner/package.bash'
[10.322s] INFO:colcon.colcon_core.shell:Creating package script '/home/zega/Desktop/ros_dev/src/install/l3xz_sweep_scanner/share/l3xz_sweep_scanner/package.zsh'
[10.323s] Level 1:colcon.colcon_core.environment:create_file_with_runtime_dependencies(/home/zega/Desktop/ros_dev/src/install/l3xz_sweep_scanner/share/colcon-core/packages/l3xz_sweep_scanner)
[10.347s] Level 1:colcon.colcon_core.environment:create_environment_scripts_only(l3xz_sweep_scanner)
[10.348s] Level 1:colcon.colcon_core.environment:checking '/home/zega/Desktop/ros_dev/src/install/l3xz_sweep_scanner' for CMake module files
[10.348s] Level 1:colcon.colcon_core.environment:checking '/home/zega/Desktop/ros_dev/src/install/l3xz_sweep_scanner' for CMake config files
[10.348s] Level 1:colcon.colcon_core.shell:create_environment_hook('l3xz_sweep_scanner', 'cmake_prefix_path')
[10.349s] INFO:colcon.colcon_core.shell:Creating environment hook '/home/zega/Desktop/ros_dev/src/install/l3xz_sweep_scanner/share/l3xz_sweep_scanner/hook/cmake_prefix_path.ps1'
[10.349s] INFO:colcon.colcon_core.shell:Creating environment descriptor '/home/zega/Desktop/ros_dev/src/install/l3xz_sweep_scanner/share/l3xz_sweep_scanner/hook/cmake_prefix_path.dsv'
[10.350s] INFO:colcon.colcon_core.shell:Creating environment hook '/home/zega/Desktop/ros_dev/src/install/l3xz_sweep_scanner/share/l3xz_sweep_scanner/hook/cmake_prefix_path.sh'
[10.350s] Level 1:colcon.colcon_core.environment:checking '/home/zega/Desktop/ros_dev/src/install/l3xz_sweep_scanner/lib'
[10.350s] Level 1:colcon.colcon_core.environment:checking '/home/zega/Desktop/ros_dev/src/install/l3xz_sweep_scanner/bin'
[10.350s] Level 1:colcon.colcon_core.environment:checking '/home/zega/Desktop/ros_dev/src/install/l3xz_sweep_scanner/lib/pkgconfig/l3xz_sweep_scanner.pc'
[10.351s] Level 1:colcon.colcon_core.environment:checking '/home/zega/Desktop/ros_dev/src/install/l3xz_sweep_scanner/lib/python3.8/site-packages'
[10.351s] Level 1:colcon.colcon_core.environment:checking '/home/zega/Desktop/ros_dev/src/install/l3xz_sweep_scanner/bin'
[10.351s] INFO:colcon.colcon_core.shell:Creating package script '/home/zega/Desktop/ros_dev/src/install/l3xz_sweep_scanner/share/l3xz_sweep_scanner/package.ps1'
[10.351s] INFO:colcon.colcon_core.shell:Creating package descriptor '/home/zega/Desktop/ros_dev/src/install/l3xz_sweep_scanner/share/l3xz_sweep_scanner/package.dsv'
[10.352s] INFO:colcon.colcon_core.shell:Creating package script '/home/zega/Desktop/ros_dev/src/install/l3xz_sweep_scanner/share/l3xz_sweep_scanner/package.sh'
[10.353s] INFO:colcon.colcon_core.shell:Creating package script '/home/zega/Desktop/ros_dev/src/install/l3xz_sweep_scanner/share/l3xz_sweep_scanner/package.bash'
[10.353s] INFO:colcon.colcon_core.shell:Creating package script '/home/zega/Desktop/ros_dev/src/install/l3xz_sweep_scanner/share/l3xz_sweep_scanner/package.zsh'
[10.354s] Level 1:colcon.colcon_core.environment:create_file_with_runtime_dependencies(/home/zega/Desktop/ros_dev/src/install/l3xz_sweep_scanner/share/colcon-core/packages/l3xz_sweep_scanner)
[11.235s] DEBUG:colcon.colcon_core.event_handler.log_command:Invoked command in '/home/zega/Desktop/ros_dev/src/build/kinect_ros2' returned '0': CMAKE_PREFIX_PATH=${CMAKE_PREFIX_PATH}:/opt/ros/foxy /usr/bin/cmake --build /home/zega/Desktop/ros_dev/src/build/kinect_ros2 -- -j6 -l6
[11.261s] DEBUG:colcon.colcon_core.event_handler.log_command:Invoking command in '/home/zega/Desktop/ros_dev/src/build/kinect_ros2': CMAKE_PREFIX_PATH=${CMAKE_PREFIX_PATH}:/opt/ros/foxy /usr/bin/cmake --install /home/zega/Desktop/ros_dev/src/build/kinect_ros2
[11.472s] Level 1:colcon.colcon_core.environment:create_environment_scripts_only(kinect_ros2)
[11.472s] DEBUG:colcon.colcon_core.event_handler.log_command:Invoked command in '/home/zega/Desktop/ros_dev/src/build/kinect_ros2' returned '0': CMAKE_PREFIX_PATH=${CMAKE_PREFIX_PATH}:/opt/ros/foxy /usr/bin/cmake --install /home/zega/Desktop/ros_dev/src/build/kinect_ros2
[11.473s] Level 1:colcon.colcon_core.environment:checking '/home/zega/Desktop/ros_dev/src/install/kinect_ros2' for CMake module files
[11.474s] Level 1:colcon.colcon_core.environment:checking '/home/zega/Desktop/ros_dev/src/install/kinect_ros2' for CMake config files
[11.474s] Level 1:colcon.colcon_core.shell:create_environment_hook('kinect_ros2', 'cmake_prefix_path')
[11.474s] INFO:colcon.colcon_core.shell:Creating environment hook '/home/zega/Desktop/ros_dev/src/install/kinect_ros2/share/kinect_ros2/hook/cmake_prefix_path.ps1'
[11.475s] INFO:colcon.colcon_core.shell:Creating environment descriptor '/home/zega/Desktop/ros_dev/src/install/kinect_ros2/share/kinect_ros2/hook/cmake_prefix_path.dsv'
[11.475s] INFO:colcon.colcon_core.shell:Creating environment hook '/home/zega/Desktop/ros_dev/src/install/kinect_ros2/share/kinect_ros2/hook/cmake_prefix_path.sh'
[11.476s] Level 1:colcon.colcon_core.environment:checking '/home/zega/Desktop/ros_dev/src/install/kinect_ros2/lib'
[11.476s] Level 1:colcon.colcon_core.shell:create_environment_hook('kinect_ros2', 'ld_library_path_lib')
[11.476s] INFO:colcon.colcon_core.shell:Creating environment hook '/home/zega/Desktop/ros_dev/src/install/kinect_ros2/share/kinect_ros2/hook/ld_library_path_lib.ps1'
[11.476s] INFO:colcon.colcon_core.shell:Creating environment descriptor '/home/zega/Desktop/ros_dev/src/install/kinect_ros2/share/kinect_ros2/hook/ld_library_path_lib.dsv'
[11.476s] INFO:colcon.colcon_core.shell:Creating environment hook '/home/zega/Desktop/ros_dev/src/install/kinect_ros2/share/kinect_ros2/hook/ld_library_path_lib.sh'
[11.477s] Level 1:colcon.colcon_core.environment:checking '/home/zega/Desktop/ros_dev/src/install/kinect_ros2/bin'
[11.477s] Level 1:colcon.colcon_core.environment:checking '/home/zega/Desktop/ros_dev/src/install/kinect_ros2/lib/pkgconfig/kinect_ros2.pc'
[11.477s] Level 1:colcon.colcon_core.environment:checking '/home/zega/Desktop/ros_dev/src/install/kinect_ros2/lib/python3.8/site-packages'
[11.477s] Level 1:colcon.colcon_core.environment:checking '/home/zega/Desktop/ros_dev/src/install/kinect_ros2/bin'
[11.478s] INFO:colcon.colcon_core.shell:Creating package script '/home/zega/Desktop/ros_dev/src/install/kinect_ros2/share/kinect_ros2/package.ps1'
[11.478s] INFO:colcon.colcon_core.shell:Creating package descriptor '/home/zega/Desktop/ros_dev/src/install/kinect_ros2/share/kinect_ros2/package.dsv'
[11.478s] INFO:colcon.colcon_core.shell:Creating package script '/home/zega/Desktop/ros_dev/src/install/kinect_ros2/share/kinect_ros2/package.sh'
[11.479s] INFO:colcon.colcon_core.shell:Creating package script '/home/zega/Desktop/ros_dev/src/install/kinect_ros2/share/kinect_ros2/package.bash'
[11.479s] INFO:colcon.colcon_core.shell:Creating package script '/home/zega/Desktop/ros_dev/src/install/kinect_ros2/share/kinect_ros2/package.zsh'
[11.479s] Level 1:colcon.colcon_core.environment:create_file_with_runtime_dependencies(/home/zega/Desktop/ros_dev/src/install/kinect_ros2/share/colcon-core/packages/kinect_ros2)
[11.503s] Level 1:colcon.colcon_core.environment:create_environment_scripts_only(kinect_ros2)
[11.503s] Level 1:colcon.colcon_core.environment:checking '/home/zega/Desktop/ros_dev/src/install/kinect_ros2' for CMake module files
[11.504s] Level 1:colcon.colcon_core.environment:checking '/home/zega/Desktop/ros_dev/src/install/kinect_ros2' for CMake config files
[11.504s] Level 1:colcon.colcon_core.shell:create_environment_hook('kinect_ros2', 'cmake_prefix_path')
[11.505s] INFO:colcon.colcon_core.shell:Creating environment hook '/home/zega/Desktop/ros_dev/src/install/kinect_ros2/share/kinect_ros2/hook/cmake_prefix_path.ps1'
[11.505s] INFO:colcon.colcon_core.shell:Creating environment descriptor '/home/zega/Desktop/ros_dev/src/install/kinect_ros2/share/kinect_ros2/hook/cmake_prefix_path.dsv'
[11.505s] INFO:colcon.colcon_core.shell:Creating environment hook '/home/zega/Desktop/ros_dev/src/install/kinect_ros2/share/kinect_ros2/hook/cmake_prefix_path.sh'
[11.506s] Level 1:colcon.colcon_core.environment:checking '/home/zega/Desktop/ros_dev/src/install/kinect_ros2/lib'
[11.506s] Level 1:colcon.colcon_core.shell:create_environment_hook('kinect_ros2', 'ld_library_path_lib')
[11.506s] INFO:colcon.colcon_core.shell:Creating environment hook '/home/zega/Desktop/ros_dev/src/install/kinect_ros2/share/kinect_ros2/hook/ld_library_path_lib.ps1'
[11.507s] INFO:colcon.colcon_core.shell:Creating environment descriptor '/home/zega/Desktop/ros_dev/src/install/kinect_ros2/share/kinect_ros2/hook/ld_library_path_lib.dsv'
[11.507s] INFO:colcon.colcon_core.shell:Creating environment hook '/home/zega/Desktop/ros_dev/src/install/kinect_ros2/share/kinect_ros2/hook/ld_library_path_lib.sh'
[11.507s] Level 1:colcon.colcon_core.environment:checking '/home/zega/Desktop/ros_dev/src/install/kinect_ros2/bin'
[11.507s] Level 1:colcon.colcon_core.environment:checking '/home/zega/Desktop/ros_dev/src/install/kinect_ros2/lib/pkgconfig/kinect_ros2.pc'
[11.507s] Level 1:colcon.colcon_core.environment:checking '/home/zega/Desktop/ros_dev/src/install/kinect_ros2/lib/python3.8/site-packages'
[11.508s] Level 1:colcon.colcon_core.environment:checking '/home/zega/Desktop/ros_dev/src/install/kinect_ros2/bin'
[11.508s] INFO:colcon.colcon_core.shell:Creating package script '/home/zega/Desktop/ros_dev/src/install/kinect_ros2/share/kinect_ros2/package.ps1'
[11.508s] INFO:colcon.colcon_core.shell:Creating package descriptor '/home/zega/Desktop/ros_dev/src/install/kinect_ros2/share/kinect_ros2/package.dsv'
[11.509s] INFO:colcon.colcon_core.shell:Creating package script '/home/zega/Desktop/ros_dev/src/install/kinect_ros2/share/kinect_ros2/package.sh'
[11.509s] INFO:colcon.colcon_core.shell:Creating package script '/home/zega/Desktop/ros_dev/src/install/kinect_ros2/share/kinect_ros2/package.bash'
[11.509s] INFO:colcon.colcon_core.shell:Creating package script '/home/zega/Desktop/ros_dev/src/install/kinect_ros2/share/kinect_ros2/package.zsh'
[11.510s] Level 1:colcon.colcon_core.environment:create_file_with_runtime_dependencies(/home/zega/Desktop/ros_dev/src/install/kinect_ros2/share/colcon-core/packages/kinect_ros2)
[11.510s] DEBUG:colcon.colcon_parallel_executor.executor.parallel:closing loop
[11.510s] DEBUG:colcon.colcon_parallel_executor.executor.parallel:loop closed
[11.510s] DEBUG:colcon.colcon_parallel_executor.executor.parallel:run_until_complete finished with '0'
[11.511s] DEBUG:colcon.colcon_core.event_reactor:joining thread
[11.540s] INFO:colcon.colcon_core.plugin_system:Skipping extension 'colcon_notification.desktop_notification.terminal_notifier': Not used on non-Darwin systems
[11.540s] INFO:colcon.colcon_core.plugin_system:Skipping extension 'colcon_notification.desktop_notification.win32': Not used on non-Windows systems
[11.540s] INFO:colcon.colcon_notification.desktop_notification:Sending desktop notification using 'notify2'
[11.553s] DEBUG:colcon.colcon_core.event_reactor:joined thread
[11.553s] INFO:colcon.colcon_core.shell:Creating prefix script '/home/zega/Desktop/ros_dev/src/install/local_setup.ps1'
[11.554s] INFO:colcon.colcon_core.shell:Creating prefix util module '/home/zega/Desktop/ros_dev/src/install/_local_setup_util_ps1.py'
[11.556s] INFO:colcon.colcon_core.shell:Creating prefix chain script '/home/zega/Desktop/ros_dev/src/install/setup.ps1'
[11.557s] INFO:colcon.colcon_core.shell:Creating prefix script '/home/zega/Desktop/ros_dev/src/install/local_setup.sh'
[11.557s] INFO:colcon.colcon_core.shell:Creating prefix util module '/home/zega/Desktop/ros_dev/src/install/_local_setup_util_sh.py'
[11.558s] INFO:colcon.colcon_core.shell:Creating prefix chain script '/home/zega/Desktop/ros_dev/src/install/setup.sh'
[11.559s] INFO:colcon.colcon_core.shell:Creating prefix script '/home/zega/Desktop/ros_dev/src/install/local_setup.bash'
[11.559s] INFO:colcon.colcon_core.shell:Creating prefix chain script '/home/zega/Desktop/ros_dev/src/install/setup.bash'
[11.561s] INFO:colcon.colcon_core.shell:Creating prefix script '/home/zega/Desktop/ros_dev/src/install/local_setup.zsh'
[11.561s] INFO:colcon.colcon_core.shell:Creating prefix chain script '/home/zega/Desktop/ros_dev/src/install/setup.zsh'
