[0.025s] Invoking command in '/home/zega/Desktop/ros_dev/src/build/kinect_ros2': CMAKE_PREFIX_PATH=${CMAKE_PREFIX_PATH}:/opt/ros/foxy /usr/bin/cmake /home/zega/Desktop/ros_dev/src/kinect_ros2 -DAMENT_CMAKE_SYMLINK_INSTALL=1 -DCMAKE_INSTALL_PREFIX=/home/zega/Desktop/ros_dev/src/install/kinect_ros2
[0.370s] -- The C compiler identification is GNU 9.4.0
[0.449s] -- The CXX compiler identification is GNU 9.4.0
[0.453s] -- Check for working C compiler: /usr/bin/cc
[0.517s] -- Check for working C compiler: /usr/bin/cc -- works
[0.531s] -- Detecting C compiler ABI info
[0.636s] -- Detecting C compiler ABI info - done
[0.649s] -- Detecting C compile features
[0.657s] -- Detecting C compile features - done
[0.661s] -- Check for working CXX compiler: /usr/bin/c++
[0.738s] -- Check for working CXX compiler: /usr/bin/c++ -- works
[0.739s] -- Detecting CXX compiler ABI info
[0.828s] -- Detecting CXX compiler ABI info - done
[0.837s] -- Detecting CXX compile features
[0.837s] -- Detecting CXX compile features - done
[1.014s] -- Found ament_cmake: 0.9.12 (/opt/ros/foxy/share/ament_cmake/cmake)
[1.038s] -- Found PythonInterp: /usr/bin/python3 (found suitable version "3.8.10", minimum required is "3") 
[1.038s] -- Using PYTHON_EXECUTABLE: /usr/bin/python3
[1.237s] -- Override CMake install command with custom implementation using symlinks instead of copying resources
[1.290s] -- Found rclcpp_components: 2.4.3 (/opt/ros/foxy/share/rclcpp_components/cmake)
[1.451s] -- Using all available rosidl_typesupport_c: rosidl_typesupport_fastrtps_c;rosidl_typesupport_introspection_c
[1.468s] -- Found rosidl_adapter: 1.3.1 (/opt/ros/foxy/share/rosidl_adapter/cmake)
[1.827s] -- Found OpenSSL: /usr/lib/x86_64-linux-gnu/libcrypto.so (found version "1.1.1f")  
[1.860s] -- Found FastRTPS: /opt/ros/foxy/include  
[1.939s] -- Using all available rosidl_typesupport_cpp: rosidl_typesupport_fastrtps_cpp;rosidl_typesupport_introspection_cpp
[2.067s] -- Found rmw_implementation_cmake: 1.0.4 (/opt/ros/foxy/share/rmw_implementation_cmake/cmake)
[2.068s] -- Using RMW implementation 'rmw_fastrtps_cpp' as default
[2.069s] -- Looking for pthread.h
[2.140s] -- Looking for pthread.h - found
[2.141s] -- Performing Test CMAKE_HAVE_LIBC_PTHREAD
[2.210s] -- Performing Test CMAKE_HAVE_LIBC_PTHREAD - Failed
[2.210s] -- Looking for pthread_create in pthreads
[2.267s] -- Looking for pthread_create in pthreads - not found
[2.267s] -- Looking for pthread_create in pthread
[2.333s] -- Looking for pthread_create in pthread - found
[2.334s] -- Found Threads: TRUE  
[2.575s] -- Found OpenCV: /usr (found version "4.2.0") 
[2.576s] -- Found sensor_msgs: 2.0.5 (/opt/ros/foxy/share/sensor_msgs/cmake)
[2.713s] -- Found cv_bridge: 3.0.7 (/opt/ros/foxy/share/cv_bridge/cmake)
[2.739s] -- Found image_transport: 2.4.0 (/opt/ros/foxy/share/image_transport/cmake)
[2.793s] -- Found depth_image_proc: 2.3.0 (/opt/ros/foxy/share/depth_image_proc/cmake)
[3.581s] -- Found camera_info_manager: 2.4.0 (/opt/ros/foxy/share/camera_info_manager/cmake)
[3.609s] -- Setting yaml-cpp_DIR to: '/opt/ros/foxy/share/yaml_cpp_vendor/cmake/../../../opt/yaml_cpp_vendor/lib/cmake/yaml-cpp'
[3.781s] -- Configuring done
[3.818s] -- Generating done
[3.820s] -- Build files have been written to: /home/zega/Desktop/ros_dev/src/build/kinect_ros2
[3.829s] Invoked command in '/home/zega/Desktop/ros_dev/src/build/kinect_ros2' returned '0': CMAKE_PREFIX_PATH=${CMAKE_PREFIX_PATH}:/opt/ros/foxy /usr/bin/cmake /home/zega/Desktop/ros_dev/src/kinect_ros2 -DAMENT_CMAKE_SYMLINK_INSTALL=1 -DCMAKE_INSTALL_PREFIX=/home/zega/Desktop/ros_dev/src/install/kinect_ros2
[3.832s] Invoking command in '/home/zega/Desktop/ros_dev/src/build/kinect_ros2': CMAKE_PREFIX_PATH=${CMAKE_PREFIX_PATH}:/opt/ros/foxy /usr/bin/cmake --build /home/zega/Desktop/ros_dev/src/build/kinect_ros2 -- -j6 -l6
[3.867s] [35m[1mScanning dependencies of target kinect_ros2_component[0m
[4.534s] [ 25%] [32mBuilding CXX object CMakeFiles/kinect_ros2_component.dir/src/kinect_ros2_component.cpp.o[0m
[5.866s] [01m[K/home/zega/Desktop/ros_dev/src/kinect_ros2/src/kinect_ros2_component.cpp:[m[K In static member function ‘[01m[Kstatic void kinect_ros2::KinectRosComponent::depth_cb(freenect_device*, void*, uint32_t)[m[K’:
[5.867s] [01m[K/home/zega/Desktop/ros_dev/src/kinect_ros2/src/kinect_ros2_component.cpp:109:53:[m[K [01;35m[Kwarning: [m[Kunused parameter ‘[01m[Kdev[m[K’ [[01;35m[K-Wunused-parameter[m[K]
[5.867s]   109 | void KinectRosComponent::depth_cb([01;35m[Kfreenect_device * dev[m[K, void * depth_ptr, uint32_t timestamp)
[5.867s]       |                                   [01;35m[K~~~~~~~~~~~~~~~~~~^~~[m[K
[5.867s] [01m[K/home/zega/Desktop/ros_dev/src/kinect_ros2/src/kinect_ros2_component.cpp:109:85:[m[K [01;35m[Kwarning: [m[Kunused parameter ‘[01m[Ktimestamp[m[K’ [[01;35m[K-Wunused-parameter[m[K]
[5.867s]   109 | void KinectRosComponent::depth_cb(freenect_device * dev, void * depth_ptr, [01;35m[Kuint32_t timestamp[m[K)
[5.867s]       |                                                                            [01;35m[K~~~~~~~~~^~~~~~~~~[m[K
[5.867s] [01m[K/home/zega/Desktop/ros_dev/src/kinect_ros2/src/kinect_ros2_component.cpp:[m[K In static member function ‘[01m[Kstatic void kinect_ros2::KinectRosComponent::rgb_cb(freenect_device*, void*, uint32_t)[m[K’:
[5.867s] [01m[K/home/zega/Desktop/ros_dev/src/kinect_ros2/src/kinect_ros2_component.cpp:123:51:[m[K [01;35m[Kwarning: [m[Kunused parameter ‘[01m[Kdev[m[K’ [[01;35m[K-Wunused-parameter[m[K]
[5.867s]   123 | void KinectRosComponent::rgb_cb([01;35m[Kfreenect_device * dev[m[K, void * rgb_ptr, uint32_t timestamp)
[5.867s]       |                                 [01;35m[K~~~~~~~~~~~~~~~~~~^~~[m[K
[5.867s] [01m[K/home/zega/Desktop/ros_dev/src/kinect_ros2/src/kinect_ros2_component.cpp:123:81:[m[K [01;35m[Kwarning: [m[Kunused parameter ‘[01m[Ktimestamp[m[K’ [[01;35m[K-Wunused-parameter[m[K]
[5.867s]   123 | void KinectRosComponent::rgb_cb(freenect_device * dev, void * rgb_ptr, [01;35m[Kuint32_t timestamp[m[K)
[5.867s]       |                                                                        [01;35m[K~~~~~~~~~^~~~~~~~~[m[K
[6.851s] [ 50%] [32m[1mLinking CXX shared library libkinect_ros2_component.so[0m
[7.061s] [ 50%] Built target kinect_ros2_component
[7.070s] [35m[1mScanning dependencies of target kinect_ros2_node[0m
[7.162s] [ 75%] [32mBuilding CXX object CMakeFiles/kinect_ros2_node.dir/src/kinect_ros2_node.cpp.o[0m
[9.392s] [100%] [32m[1mLinking CXX executable kinect_ros2_node[0m
[9.987s] [100%] Built target kinect_ros2_node
[9.997s] Invoked command in '/home/zega/Desktop/ros_dev/src/build/kinect_ros2' returned '0': CMAKE_PREFIX_PATH=${CMAKE_PREFIX_PATH}:/opt/ros/foxy /usr/bin/cmake --build /home/zega/Desktop/ros_dev/src/build/kinect_ros2 -- -j6 -l6
[10.023s] Invoking command in '/home/zega/Desktop/ros_dev/src/build/kinect_ros2': CMAKE_PREFIX_PATH=${CMAKE_PREFIX_PATH}:/opt/ros/foxy /usr/bin/cmake --install /home/zega/Desktop/ros_dev/src/build/kinect_ros2
[10.030s] -- Install configuration: ""
[10.030s] -- Execute custom install script
[10.031s] -- Symlinking: /home/zega/Desktop/ros_dev/src/install/kinect_ros2/lib/libkinect_ros2_component.so
[10.039s] -- Symlinking: /home/zega/Desktop/ros_dev/src/install/kinect_ros2/lib/kinect_ros2/kinect_ros2_node
[10.047s] -- Symlinking: /home/zega/Desktop/ros_dev/src/install/kinect_ros2/share/kinect_ros2/cfg/calibration_depth.yaml
[10.055s] -- Symlinking: /home/zega/Desktop/ros_dev/src/install/kinect_ros2/share/kinect_ros2/cfg/calibration_rgb.yaml
[10.062s] -- Symlinking: /home/zega/Desktop/ros_dev/src/install/kinect_ros2/share/kinect_ros2/launch/pointcloud.launch.py
[10.070s] -- Symlinking: /home/zega/Desktop/ros_dev/src/install/kinect_ros2/share/kinect_ros2/launch/showimage.launch.py
[10.078s] -- Symlinking: /home/zega/Desktop/ros_dev/src/install/kinect_ros2/share/kinect_ros2/rviz/pointcloud.rviz
[10.086s] -- Symlinking: /home/zega/Desktop/ros_dev/src/install/kinect_ros2/share/kinect_ros2/src/kinect_ros2_component.cpp
[10.094s] -- Symlinking: /home/zega/Desktop/ros_dev/src/install/kinect_ros2/share/kinect_ros2/src/kinect_ros2_node.cpp
[10.101s] -- Symlinking: /home/zega/Desktop/ros_dev/src/install/kinect_ros2/share/kinect_ros2/src/rotation.py
[10.108s] -- Symlinking: /home/zega/Desktop/ros_dev/src/install/kinect_ros2/share/ament_index/resource_index/package_run_dependencies/kinect_ros2
[10.117s] -- Symlinking: /home/zega/Desktop/ros_dev/src/install/kinect_ros2/share/ament_index/resource_index/parent_prefix_path/kinect_ros2
[10.125s] -- Symlinking: /home/zega/Desktop/ros_dev/src/install/kinect_ros2/share/kinect_ros2/environment/ament_prefix_path.sh
[10.133s] -- Symlinking: /home/zega/Desktop/ros_dev/src/install/kinect_ros2/share/kinect_ros2/environment/ament_prefix_path.dsv
[10.141s] -- Symlinking: /home/zega/Desktop/ros_dev/src/install/kinect_ros2/share/kinect_ros2/environment/path.sh
[10.149s] -- Symlinking: /home/zega/Desktop/ros_dev/src/install/kinect_ros2/share/kinect_ros2/environment/path.dsv
[10.156s] -- Symlinking: /home/zega/Desktop/ros_dev/src/install/kinect_ros2/share/kinect_ros2/local_setup.bash
[10.163s] -- Symlinking: /home/zega/Desktop/ros_dev/src/install/kinect_ros2/share/kinect_ros2/local_setup.sh
[10.171s] -- Symlinking: /home/zega/Desktop/ros_dev/src/install/kinect_ros2/share/kinect_ros2/local_setup.zsh
[10.179s] -- Symlinking: /home/zega/Desktop/ros_dev/src/install/kinect_ros2/share/kinect_ros2/local_setup.dsv
[10.186s] -- Symlinking: /home/zega/Desktop/ros_dev/src/install/kinect_ros2/share/kinect_ros2/package.dsv
[10.194s] -- Symlinking: /home/zega/Desktop/ros_dev/src/install/kinect_ros2/share/ament_index/resource_index/packages/kinect_ros2
[10.201s] -- Symlinking: /home/zega/Desktop/ros_dev/src/install/kinect_ros2/share/ament_index/resource_index/rclcpp_components/kinect_ros2
[10.209s] -- Symlinking: /home/zega/Desktop/ros_dev/src/install/kinect_ros2/share/kinect_ros2/cmake/kinect_ros2Config.cmake
[10.217s] -- Symlinking: /home/zega/Desktop/ros_dev/src/install/kinect_ros2/share/kinect_ros2/cmake/kinect_ros2Config-version.cmake
[10.225s] -- Symlinking: /home/zega/Desktop/ros_dev/src/install/kinect_ros2/share/kinect_ros2/package.xml
[10.234s] Invoked command in '/home/zega/Desktop/ros_dev/src/build/kinect_ros2' returned '0': CMAKE_PREFIX_PATH=${CMAKE_PREFIX_PATH}:/opt/ros/foxy /usr/bin/cmake --install /home/zega/Desktop/ros_dev/src/build/kinect_ros2
