[0.028s] Invoking command in '/home/zega/Desktop/ros_dev/src/build/kinect_ros2': CMAKE_PREFIX_PATH=${CMAKE_PREFIX_PATH}:/opt/ros/foxy /usr/bin/cmake --build /home/zega/Desktop/ros_dev/src/build/kinect_ros2 -- -j6 -l6
[0.090s] [ 50%] Built target kinect_ros2_component
[0.126s] [100%] Built target kinect_ros2_node
[0.149s] Invoked command in '/home/zega/Desktop/ros_dev/src/build/kinect_ros2' returned '0': CMAKE_PREFIX_PATH=${CMAKE_PREFIX_PATH}:/opt/ros/foxy /usr/bin/cmake --build /home/zega/Desktop/ros_dev/src/build/kinect_ros2 -- -j6 -l6
[0.203s] Invoking command in '/home/zega/Desktop/ros_dev/src/build/kinect_ros2': CMAKE_PREFIX_PATH=${CMAKE_PREFIX_PATH}:/opt/ros/foxy /usr/bin/cmake --install /home/zega/Desktop/ros_dev/src/build/kinect_ros2
[0.211s] -- Install configuration: ""
[0.212s] -- Execute custom install script
[0.213s] -- Up-to-date symlink: /home/zega/Desktop/ros_dev/src/install/kinect_ros2/lib/libkinect_ros2_component.so
[0.213s] -- Up-to-date symlink: /home/zega/Desktop/ros_dev/src/install/kinect_ros2/lib/kinect_ros2/kinect_ros2_node
[0.213s] -- Up-to-date symlink: /home/zega/Desktop/ros_dev/src/install/kinect_ros2/share/kinect_ros2/cfg/calibration_depth.yaml
[0.214s] -- Up-to-date symlink: /home/zega/Desktop/ros_dev/src/install/kinect_ros2/share/kinect_ros2/cfg/calibration_rgb.yaml
[0.216s] -- Up-to-date symlink: /home/zega/Desktop/ros_dev/src/install/kinect_ros2/share/kinect_ros2/launch/pointcloud.launch.py
[0.217s] -- Up-to-date symlink: /home/zega/Desktop/ros_dev/src/install/kinect_ros2/share/kinect_ros2/launch/showimage.launch.py
[0.217s] -- Up-to-date symlink: /home/zega/Desktop/ros_dev/src/install/kinect_ros2/share/kinect_ros2/rviz/pointcloud.rviz
[0.220s] -- Up-to-date symlink: /home/zega/Desktop/ros_dev/src/install/kinect_ros2/share/kinect_ros2/src/kinect_ros2_component.cpp
[0.220s] -- Up-to-date symlink: /home/zega/Desktop/ros_dev/src/install/kinect_ros2/share/kinect_ros2/src/kinect_ros2_node.cpp
[0.220s] -- Up-to-date symlink: /home/zega/Desktop/ros_dev/src/install/kinect_ros2/share/kinect_ros2/src/rotation.py
[0.220s] -- Up-to-date symlink: /home/zega/Desktop/ros_dev/src/install/kinect_ros2/share/ament_index/resource_index/package_run_dependencies/kinect_ros2
[0.220s] -- Up-to-date symlink: /home/zega/Desktop/ros_dev/src/install/kinect_ros2/share/ament_index/resource_index/parent_prefix_path/kinect_ros2
[0.220s] -- Up-to-date symlink: /home/zega/Desktop/ros_dev/src/install/kinect_ros2/share/kinect_ros2/environment/ament_prefix_path.sh
[0.220s] -- Up-to-date symlink: /home/zega/Desktop/ros_dev/src/install/kinect_ros2/share/kinect_ros2/environment/ament_prefix_path.dsv
[0.220s] -- Up-to-date symlink: /home/zega/Desktop/ros_dev/src/install/kinect_ros2/share/kinect_ros2/environment/path.sh
[0.221s] -- Up-to-date symlink: /home/zega/Desktop/ros_dev/src/install/kinect_ros2/share/kinect_ros2/environment/path.dsv
[0.221s] -- Up-to-date symlink: /home/zega/Desktop/ros_dev/src/install/kinect_ros2/share/kinect_ros2/local_setup.bash
[0.221s] -- Up-to-date symlink: /home/zega/Desktop/ros_dev/src/install/kinect_ros2/share/kinect_ros2/local_setup.sh
[0.221s] -- Up-to-date symlink: /home/zega/Desktop/ros_dev/src/install/kinect_ros2/share/kinect_ros2/local_setup.zsh
[0.221s] -- Up-to-date symlink: /home/zega/Desktop/ros_dev/src/install/kinect_ros2/share/kinect_ros2/local_setup.dsv
[0.221s] -- Symlinking: /home/zega/Desktop/ros_dev/src/install/kinect_ros2/share/kinect_ros2/package.dsv
[0.236s] -- Up-to-date symlink: /home/zega/Desktop/ros_dev/src/install/kinect_ros2/share/ament_index/resource_index/packages/kinect_ros2
[0.236s] -- Up-to-date symlink: /home/zega/Desktop/ros_dev/src/install/kinect_ros2/share/ament_index/resource_index/rclcpp_components/kinect_ros2
[0.237s] -- Up-to-date symlink: /home/zega/Desktop/ros_dev/src/install/kinect_ros2/share/kinect_ros2/cmake/kinect_ros2Config.cmake
[0.237s] -- Up-to-date symlink: /home/zega/Desktop/ros_dev/src/install/kinect_ros2/share/kinect_ros2/cmake/kinect_ros2Config-version.cmake
[0.237s] -- Up-to-date symlink: /home/zega/Desktop/ros_dev/src/install/kinect_ros2/share/kinect_ros2/package.xml
[0.241s] Invoked command in '/home/zega/Desktop/ros_dev/src/build/kinect_ros2' returned '0': CMAKE_PREFIX_PATH=${CMAKE_PREFIX_PATH}:/opt/ros/foxy /usr/bin/cmake --install /home/zega/Desktop/ros_dev/src/build/kinect_ros2
